2019-07-23 09:24:27.574 [main] INFO  com.mingyisoft.demo.MingyisoftDemoApplication - Starting MingyisoftDemoApplication on bogon with PID 2370 (started by alexyang in /Users/alexyang/yang's workspace/yang-demo/mingyisoft-demo)
2019-07-23 09:24:27.576 [main] INFO  com.mingyisoft.demo.MingyisoftDemoApplication - No active profile set, falling back to default profiles: default
2019-07-23 09:24:29.369 [main] INFO  o.s.boot.web.embedded.tomcat.TomcatWebServer - Tomcat initialized with port(s): 9999 (http)
2019-07-23 09:24:29.389 [main] INFO  org.apache.coyote.http11.Http11NioProtocol - Initializing ProtocolHandler ["http-nio-9999"]
2019-07-23 09:24:29.402 [main] INFO  org.apache.catalina.core.StandardService - Starting service [Tomcat]
2019-07-23 09:24:29.402 [main] INFO  org.apache.catalina.core.StandardEngine - Starting Servlet engine: [Apache Tomcat/9.0.21]
2019-07-23 09:24:29.513 [main] INFO  o.a.c.core.ContainerBase.[Tomcat].[localhost].[/] - Initializing Spring embedded WebApplicationContext
2019-07-23 09:24:29.514 [main] INFO  org.springframework.web.context.ContextLoader - Root WebApplicationContext: initialization completed in 1632 ms
2019-07-23 09:24:29.994 [main] INFO  com.alibaba.druid.pool.DruidDataSource - {dataSource-1} inited
2019-07-23 09:24:30.509 [main] INFO  com.alibaba.druid.pool.DruidDataSource - {dataSource-2} inited
2019-07-23 09:24:30.578 [main] INFO  com.alibaba.druid.pool.DruidDataSource - {dataSource-3} inited
2019-07-23 09:24:30.617 [main] INFO  com.alibaba.druid.pool.DruidDataSource - {dataSource-4} inited
2019-07-23 09:24:49.209 [main] INFO  o.s.scheduling.concurrent.ThreadPoolTaskExecutor - Initializing ExecutorService 'applicationTaskExecutor'
2019-07-23 09:24:49.490 [main] INFO  org.apache.coyote.http11.Http11NioProtocol - Starting ProtocolHandler ["http-nio-9999"]
2019-07-23 09:24:49.534 [main] INFO  o.s.boot.web.embedded.tomcat.TomcatWebServer - Tomcat started on port(s): 9999 (http) with context path ''
2019-07-23 09:24:49.538 [main] INFO  com.mingyisoft.demo.MingyisoftDemoApplication - Started MingyisoftDemoApplication in 22.765 seconds (JVM running for 23.621)
2019-07-23 09:25:07.811 [http-nio-9999-exec-1] INFO  o.a.c.core.ContainerBase.[Tomcat].[localhost].[/] - Initializing Spring DispatcherServlet 'dispatcherServlet'
2019-07-23 09:25:07.812 [http-nio-9999-exec-1] INFO  org.springframework.web.servlet.DispatcherServlet - Initializing Servlet 'dispatcherServlet'
2019-07-23 09:25:07.822 [http-nio-9999-exec-1] INFO  org.springframework.web.servlet.DispatcherServlet - Completed initialization in 10 ms
2019-07-23 16:58:05.492 [main] INFO  com.mingyisoft.demo.MingyisoftDemoApplication - Starting MingyisoftDemoApplication on bogon with PID 3368 (started by alexyang in /Users/alexyang/yang's workspace/yang-demo/mingyisoft-demo)
2019-07-23 16:58:05.493 [main] INFO  com.mingyisoft.demo.MingyisoftDemoApplication - No active profile set, falling back to default profiles: default
2019-07-23 16:58:06.836 [main] INFO  o.s.boot.web.embedded.tomcat.TomcatWebServer - Tomcat initialized with port(s): 9999 (http)
2019-07-23 16:58:06.853 [main] INFO  org.apache.coyote.http11.Http11NioProtocol - Initializing ProtocolHandler ["http-nio-9999"]
2019-07-23 16:58:06.865 [main] INFO  org.apache.catalina.core.StandardService - Starting service [Tomcat]
2019-07-23 16:58:06.866 [main] INFO  org.apache.catalina.core.StandardEngine - Starting Servlet engine: [Apache Tomcat/9.0.21]
2019-07-23 16:58:11.772 [main] INFO  com.mingyisoft.demo.MingyisoftDemoApplication - Starting MingyisoftDemoApplication on bogon with PID 3369 (started by alexyang in /Users/alexyang/yang's workspace/yang-demo/mingyisoft-demo)
2019-07-23 16:58:11.775 [main] INFO  com.mingyisoft.demo.MingyisoftDemoApplication - No active profile set, falling back to default profiles: default
2019-07-23 16:58:13.369 [main] INFO  o.s.boot.web.embedded.tomcat.TomcatWebServer - Tomcat initialized with port(s): 9999 (http)
2019-07-23 16:58:13.386 [main] INFO  org.apache.coyote.http11.Http11NioProtocol - Initializing ProtocolHandler ["http-nio-9999"]
2019-07-23 16:58:13.396 [main] INFO  org.apache.catalina.core.StandardService - Starting service [Tomcat]
2019-07-23 16:58:13.397 [main] INFO  org.apache.catalina.core.StandardEngine - Starting Servlet engine: [Apache Tomcat/9.0.21]
2019-07-23 16:58:13.510 [main] INFO  o.a.c.core.ContainerBase.[Tomcat].[localhost].[/] - Initializing Spring embedded WebApplicationContext
2019-07-23 16:58:13.510 [main] INFO  org.springframework.web.context.ContextLoader - Root WebApplicationContext: initialization completed in 1461 ms
2019-07-23 16:58:13.928 [main] INFO  com.alibaba.druid.pool.DruidDataSource - {dataSource-1} inited
2019-07-23 16:58:14.442 [main] INFO  com.alibaba.druid.pool.DruidDataSource - {dataSource-2} inited
2019-07-23 16:58:14.516 [main] INFO  com.alibaba.druid.pool.DruidDataSource - {dataSource-3} inited
2019-07-23 16:58:14.556 [main] INFO  com.alibaba.druid.pool.DruidDataSource - {dataSource-4} inited
2019-07-23 17:00:27.916 [main] INFO  o.s.scheduling.concurrent.ThreadPoolTaskExecutor - Initializing ExecutorService 'applicationTaskExecutor'
2019-07-23 17:00:28.239 [main] INFO  org.apache.coyote.http11.Http11NioProtocol - Starting ProtocolHandler ["http-nio-9999"]
2019-07-23 17:00:28.320 [main] INFO  o.s.boot.web.embedded.tomcat.TomcatWebServer - Tomcat started on port(s): 9999 (http) with context path ''
2019-07-23 17:00:28.324 [main] INFO  com.mingyisoft.demo.MingyisoftDemoApplication - Started MingyisoftDemoApplication in 137.262 seconds (JVM running for 137.941)
2019-07-23 17:13:35.491 [main] INFO  com.mingyisoft.demo.MingyisoftDemoApplication - Starting MingyisoftDemoApplication on bogon with PID 3385 (started by alexyang in /Users/alexyang/yang's workspace/yang-demo/mingyisoft-demo)
2019-07-23 17:13:35.496 [main] INFO  com.mingyisoft.demo.MingyisoftDemoApplication - No active profile set, falling back to default profiles: default
2019-07-23 17:13:37.215 [main] INFO  o.s.boot.web.embedded.tomcat.TomcatWebServer - Tomcat initialized with port(s): 9999 (http)
2019-07-23 17:13:37.233 [main] INFO  org.apache.coyote.http11.Http11NioProtocol - Initializing ProtocolHandler ["http-nio-9999"]
2019-07-23 17:13:37.243 [main] INFO  org.apache.catalina.core.StandardService - Starting service [Tomcat]
2019-07-23 17:13:37.243 [main] INFO  org.apache.catalina.core.StandardEngine - Starting Servlet engine: [Apache Tomcat/9.0.21]
2019-07-23 17:13:37.346 [main] INFO  o.a.c.core.ContainerBase.[Tomcat].[localhost].[/] - Initializing Spring embedded WebApplicationContext
2019-07-23 17:13:37.346 [main] INFO  org.springframework.web.context.ContextLoader - Root WebApplicationContext: initialization completed in 1532 ms
2019-07-23 17:13:37.738 [main] INFO  com.alibaba.druid.pool.DruidDataSource - {dataSource-1} inited
2019-07-23 17:13:38.232 [main] INFO  com.alibaba.druid.pool.DruidDataSource - {dataSource-2} inited
2019-07-23 17:13:38.301 [main] INFO  com.alibaba.druid.pool.DruidDataSource - {dataSource-3} inited
2019-07-23 17:13:38.340 [main] INFO  com.alibaba.druid.pool.DruidDataSource - {dataSource-4} inited
2019-07-23 17:16:02.864 [main] INFO  com.mingyisoft.demo.MingyisoftDemoApplication - Starting MingyisoftDemoApplication on bogon with PID 3396 (started by alexyang in /Users/alexyang/yang's workspace/yang-demo/mingyisoft-demo)
2019-07-23 17:16:02.869 [main] INFO  com.mingyisoft.demo.MingyisoftDemoApplication - No active profile set, falling back to default profiles: default
2019-07-23 17:16:04.718 [main] INFO  o.s.boot.web.embedded.tomcat.TomcatWebServer - Tomcat initialized with port(s): 9999 (http)
2019-07-23 17:16:04.736 [main] INFO  org.apache.coyote.http11.Http11NioProtocol - Initializing ProtocolHandler ["http-nio-9999"]
2019-07-23 17:16:04.748 [main] INFO  org.apache.catalina.core.StandardService - Starting service [Tomcat]
2019-07-23 17:16:04.748 [main] INFO  org.apache.catalina.core.StandardEngine - Starting Servlet engine: [Apache Tomcat/9.0.21]
2019-07-23 17:16:04.853 [main] INFO  o.a.c.core.ContainerBase.[Tomcat].[localhost].[/] - Initializing Spring embedded WebApplicationContext
2019-07-23 17:16:04.853 [main] INFO  org.springframework.web.context.ContextLoader - Root WebApplicationContext: initialization completed in 1617 ms
2019-07-23 17:16:05.258 [main] INFO  com.alibaba.druid.pool.DruidDataSource - {dataSource-1} inited
2019-07-23 17:16:05.734 [main] INFO  com.alibaba.druid.pool.DruidDataSource - {dataSource-2} inited
2019-07-23 17:16:05.826 [main] INFO  com.alibaba.druid.pool.DruidDataSource - {dataSource-3} inited
2019-07-23 17:16:05.865 [main] INFO  com.alibaba.druid.pool.DruidDataSource - {dataSource-4} inited
2019-07-23 17:27:06.469 [main] INFO  o.s.scheduling.concurrent.ThreadPoolTaskExecutor - Initializing ExecutorService 'applicationTaskExecutor'
2019-07-23 17:27:06.829 [main] INFO  org.apache.coyote.http11.Http11NioProtocol - Starting ProtocolHandler ["http-nio-9999"]
2019-07-23 17:27:06.939 [main] INFO  o.s.boot.web.embedded.tomcat.TomcatWebServer - Tomcat started on port(s): 9999 (http) with context path ''
2019-07-23 17:27:06.944 [main] INFO  com.mingyisoft.demo.MingyisoftDemoApplication - Started MingyisoftDemoApplication in 664.936 seconds (JVM running for 665.714)
