2019-07-22 16:01:44.420 [main] INFO  com.mingyisoft.demo.MingyisoftDemoApplication - Starting MingyisoftDemoApplication on bogon with PID 1494 (started by alexyang in /Users/alexyang/yang's workspace/yang-demo/mingyisoft-demo)
2019-07-22 16:01:44.423 [main] INFO  com.mingyisoft.demo.MingyisoftDemoApplication - No active profile set, falling back to default profiles: default
2019-07-22 16:01:46.464 [main] INFO  o.s.boot.web.embedded.tomcat.TomcatWebServer - Tomcat initialized with port(s): 9999 (http)
2019-07-22 16:01:46.485 [main] INFO  org.apache.coyote.http11.Http11NioProtocol - Initializing ProtocolHandler ["http-nio-9999"]
2019-07-22 16:01:46.495 [main] INFO  org.apache.catalina.core.StandardService - Starting service [Tomcat]
2019-07-22 16:01:46.496 [main] INFO  org.apache.catalina.core.StandardEngine - Starting Servlet engine: [Apache Tomcat/9.0.21]
2019-07-22 16:01:46.620 [main] INFO  o.a.c.core.ContainerBase.[Tomcat].[localhost].[/] - Initializing Spring embedded WebApplicationContext
2019-07-22 16:01:46.620 [main] INFO  org.springframework.web.context.ContextLoader - Root WebApplicationContext: initialization completed in 1793 ms
2019-07-22 16:01:46.758 [main] INFO  org.apache.catalina.core.StandardService - Stopping service [Tomcat]
2019-07-22 17:50:26.260 [main] INFO  com.mingyisoft.demo.MingyisoftDemoApplication - Starting MingyisoftDemoApplication on bogon with PID 1722 (started by alexyang in /Users/alexyang/yang's workspace/yang-demo/mingyisoft-demo)
2019-07-22 17:50:26.264 [main] INFO  com.mingyisoft.demo.MingyisoftDemoApplication - No active profile set, falling back to default profiles: default
2019-07-22 17:50:28.080 [main] INFO  o.s.boot.web.embedded.tomcat.TomcatWebServer - Tomcat initialized with port(s): 9999 (http)
2019-07-22 17:50:28.101 [main] INFO  org.apache.coyote.http11.Http11NioProtocol - Initializing ProtocolHandler ["http-nio-9999"]
2019-07-22 17:50:28.111 [main] INFO  org.apache.catalina.core.StandardService - Starting service [Tomcat]
2019-07-22 17:50:28.111 [main] INFO  org.apache.catalina.core.StandardEngine - Starting Servlet engine: [Apache Tomcat/9.0.21]
2019-07-22 17:50:28.221 [main] INFO  o.a.c.core.ContainerBase.[Tomcat].[localhost].[/] - Initializing Spring embedded WebApplicationContext
2019-07-22 17:50:28.221 [main] INFO  org.springframework.web.context.ContextLoader - Root WebApplicationContext: initialization completed in 1627 ms
2019-07-22 17:50:28.355 [main] INFO  org.apache.catalina.core.StandardService - Stopping service [Tomcat]
2019-07-22 18:16:05.580 [main] INFO  com.mingyisoft.demo.MingyisoftDemoApplication - Starting MingyisoftDemoApplication on bogon with PID 1741 (started by alexyang in /Users/alexyang/yang's workspace/yang-demo/mingyisoft-demo)
2019-07-22 18:16:05.583 [main] INFO  com.mingyisoft.demo.MingyisoftDemoApplication - No active profile set, falling back to default profiles: default
2019-07-22 18:16:07.434 [main] INFO  o.s.boot.web.embedded.tomcat.TomcatWebServer - Tomcat initialized with port(s): 9999 (http)
2019-07-22 18:16:07.454 [main] INFO  org.apache.coyote.http11.Http11NioProtocol - Initializing ProtocolHandler ["http-nio-9999"]
2019-07-22 18:16:07.465 [main] INFO  org.apache.catalina.core.StandardService - Starting service [Tomcat]
2019-07-22 18:16:07.465 [main] INFO  org.apache.catalina.core.StandardEngine - Starting Servlet engine: [Apache Tomcat/9.0.21]
2019-07-22 18:16:07.572 [main] INFO  o.a.c.core.ContainerBase.[Tomcat].[localhost].[/] - Initializing Spring embedded WebApplicationContext
2019-07-22 18:16:07.572 [main] INFO  org.springframework.web.context.ContextLoader - Root WebApplicationContext: initialization completed in 1634 ms
2019-07-22 18:16:07.979 [main] INFO  com.alibaba.druid.pool.DruidDataSource - {dataSource-1} inited
2019-07-22 18:49:48.125 [main] INFO  com.mingyisoft.demo.MingyisoftDemoApplication - Starting MingyisoftDemoApplication on bogon with PID 1808 (started by alexyang in /Users/alexyang/yang's workspace/yang-demo/mingyisoft-demo)
2019-07-22 18:49:48.126 [main] INFO  com.mingyisoft.demo.MingyisoftDemoApplication - No active profile set, falling back to default profiles: default
2019-07-22 18:49:53.504 [main] INFO  com.mingyisoft.demo.MingyisoftDemoApplication - Starting MingyisoftDemoApplication on bogon with PID 1809 (started by alexyang in /Users/alexyang/yang's workspace/yang-demo/mingyisoft-demo)
2019-07-22 18:49:53.508 [main] INFO  com.mingyisoft.demo.MingyisoftDemoApplication - No active profile set, falling back to default profiles: default
2019-07-22 18:49:55.193 [main] INFO  o.s.boot.web.embedded.tomcat.TomcatWebServer - Tomcat initialized with port(s): 9999 (http)
2019-07-22 18:49:55.212 [main] INFO  org.apache.coyote.http11.Http11NioProtocol - Initializing ProtocolHandler ["http-nio-9999"]
2019-07-22 18:49:55.226 [main] INFO  org.apache.catalina.core.StandardService - Starting service [Tomcat]
2019-07-22 18:49:55.226 [main] INFO  org.apache.catalina.core.StandardEngine - Starting Servlet engine: [Apache Tomcat/9.0.21]
2019-07-22 18:49:55.337 [main] INFO  o.a.c.core.ContainerBase.[Tomcat].[localhost].[/] - Initializing Spring embedded WebApplicationContext
2019-07-22 18:49:55.337 [main] INFO  org.springframework.web.context.ContextLoader - Root WebApplicationContext: initialization completed in 1564 ms
2019-07-22 18:49:55.820 [main] INFO  com.alibaba.druid.pool.DruidDataSource - {dataSource-1} inited
2019-07-22 18:49:56.307 [main] INFO  com.alibaba.druid.pool.DruidDataSource - {dataSource-2} inited
2019-07-22 18:49:56.389 [main] INFO  com.alibaba.druid.pool.DruidDataSource - {dataSource-3} inited
2019-07-22 18:49:56.431 [main] INFO  com.alibaba.druid.pool.DruidDataSource - {dataSource-4} inited
2019-07-22 18:50:37.830 [main] INFO  o.s.scheduling.concurrent.ThreadPoolTaskExecutor - Initializing ExecutorService 'applicationTaskExecutor'
2019-07-22 18:50:38.105 [main] INFO  org.apache.coyote.http11.Http11NioProtocol - Starting ProtocolHandler ["http-nio-9999"]
2019-07-22 18:50:38.150 [main] INFO  o.s.boot.web.embedded.tomcat.TomcatWebServer - Tomcat started on port(s): 9999 (http) with context path ''
2019-07-22 18:50:38.154 [main] INFO  com.mingyisoft.demo.MingyisoftDemoApplication - Started MingyisoftDemoApplication in 45.354 seconds (JVM running for 45.968)
2019-07-22 19:04:26.582 [main] INFO  com.mingyisoft.demo.MingyisoftDemoApplication - Starting MingyisoftDemoApplication on bogon with PID 1907 (started by alexyang in /Users/alexyang/yang's workspace/yang-demo/mingyisoft-demo)
2019-07-22 19:04:26.586 [main] INFO  com.mingyisoft.demo.MingyisoftDemoApplication - No active profile set, falling back to default profiles: default
2019-07-22 19:04:28.423 [main] INFO  o.s.boot.web.embedded.tomcat.TomcatWebServer - Tomcat initialized with port(s): 9999 (http)
2019-07-22 19:04:28.441 [main] INFO  org.apache.coyote.http11.Http11NioProtocol - Initializing ProtocolHandler ["http-nio-9999"]
2019-07-22 19:04:28.453 [main] INFO  org.apache.catalina.core.StandardService - Starting service [Tomcat]
2019-07-22 19:04:28.453 [main] INFO  org.apache.catalina.core.StandardEngine - Starting Servlet engine: [Apache Tomcat/9.0.21]
2019-07-22 19:04:28.566 [main] INFO  o.a.c.core.ContainerBase.[Tomcat].[localhost].[/] - Initializing Spring embedded WebApplicationContext
2019-07-22 19:04:28.567 [main] INFO  org.springframework.web.context.ContextLoader - Root WebApplicationContext: initialization completed in 1684 ms
2019-07-22 19:04:28.961 [main] INFO  com.alibaba.druid.pool.DruidDataSource - {dataSource-1} inited
2019-07-22 19:04:29.449 [main] INFO  com.alibaba.druid.pool.DruidDataSource - {dataSource-2} inited
2019-07-22 19:04:29.532 [main] INFO  com.alibaba.druid.pool.DruidDataSource - {dataSource-3} inited
2019-07-22 19:04:29.584 [main] INFO  com.alibaba.druid.pool.DruidDataSource - {dataSource-4} inited
2019-07-22 19:04:32.664 [main] INFO  o.s.scheduling.concurrent.ThreadPoolTaskExecutor - Initializing ExecutorService 'applicationTaskExecutor'
2019-07-22 19:04:32.920 [main] INFO  org.apache.coyote.http11.Http11NioProtocol - Starting ProtocolHandler ["http-nio-9999"]
2019-07-22 19:04:32.966 [main] INFO  o.s.boot.web.embedded.tomcat.TomcatWebServer - Tomcat started on port(s): 9999 (http) with context path ''
2019-07-22 19:04:32.969 [main] INFO  com.mingyisoft.demo.MingyisoftDemoApplication - Started MingyisoftDemoApplication in 7.14 seconds (JVM running for 7.883)
2019-07-22 19:24:52.979 [main] INFO  com.mingyisoft.demo.MingyisoftDemoApplication - Starting MingyisoftDemoApplication on bogon with PID 1936 (started by alexyang in /Users/alexyang/yang's workspace/yang-demo/mingyisoft-demo)
2019-07-22 19:24:52.983 [main] INFO  com.mingyisoft.demo.MingyisoftDemoApplication - No active profile set, falling back to default profiles: default
2019-07-22 19:24:54.697 [main] INFO  o.s.boot.web.embedded.tomcat.TomcatWebServer - Tomcat initialized with port(s): 9999 (http)
2019-07-22 19:24:54.718 [main] INFO  org.apache.coyote.http11.Http11NioProtocol - Initializing ProtocolHandler ["http-nio-9999"]
2019-07-22 19:24:54.728 [main] INFO  org.apache.catalina.core.StandardService - Starting service [Tomcat]
2019-07-22 19:24:54.728 [main] INFO  org.apache.catalina.core.StandardEngine - Starting Servlet engine: [Apache Tomcat/9.0.21]
2019-07-22 19:24:54.833 [main] INFO  o.a.c.core.ContainerBase.[Tomcat].[localhost].[/] - Initializing Spring embedded WebApplicationContext
2019-07-22 19:24:54.833 [main] INFO  org.springframework.web.context.ContextLoader - Root WebApplicationContext: initialization completed in 1553 ms
2019-07-22 19:24:55.227 [main] INFO  com.alibaba.druid.pool.DruidDataSource - {dataSource-1} inited
2019-07-22 19:24:55.752 [main] INFO  com.alibaba.druid.pool.DruidDataSource - {dataSource-2} inited
2019-07-22 19:24:55.831 [main] INFO  com.alibaba.druid.pool.DruidDataSource - {dataSource-3} inited
2019-07-22 19:24:55.872 [main] INFO  com.alibaba.druid.pool.DruidDataSource - {dataSource-4} inited
2019-07-22 19:25:18.379 [main] INFO  o.s.scheduling.concurrent.ThreadPoolTaskExecutor - Initializing ExecutorService 'applicationTaskExecutor'
2019-07-22 19:25:18.648 [main] INFO  org.apache.coyote.http11.Http11NioProtocol - Starting ProtocolHandler ["http-nio-9999"]
2019-07-22 19:25:18.691 [main] INFO  o.s.boot.web.embedded.tomcat.TomcatWebServer - Tomcat started on port(s): 9999 (http) with context path ''
2019-07-22 19:25:18.697 [main] INFO  com.mingyisoft.demo.MingyisoftDemoApplication - Started MingyisoftDemoApplication in 26.556 seconds (JVM running for 27.209)
2019-07-22 19:25:26.449 [http-nio-9999-exec-1] INFO  o.a.c.core.ContainerBase.[Tomcat].[localhost].[/] - Initializing Spring DispatcherServlet 'dispatcherServlet'
2019-07-22 19:25:26.449 [http-nio-9999-exec-1] INFO  org.springframework.web.servlet.DispatcherServlet - Initializing Servlet 'dispatcherServlet'
2019-07-22 19:25:26.459 [http-nio-9999-exec-1] INFO  org.springframework.web.servlet.DispatcherServlet - Completed initialization in 10 ms
