2019-07-28 15:18:23.355 [main] INFO  com.mingyisoft.demo.MingyisoftDemoApplication - Starting MingyisoftDemoApplication on bogon with PID 14511 (started by alexyang in /Users/alexyang/yang's workspace/yang-demo/mingyisoft-demo)
2019-07-28 15:18:23.360 [main] INFO  com.mingyisoft.demo.MingyisoftDemoApplication - No active profile set, falling back to default profiles: default
2019-07-28 15:18:25.701 [main] INFO  o.s.boot.web.embedded.tomcat.TomcatWebServer - Tomcat initialized with port(s): 9999 (http)
2019-07-28 15:18:25.724 [main] INFO  org.apache.coyote.http11.Http11NioProtocol - Initializing ProtocolHandler ["http-nio-9999"]
2019-07-28 15:18:25.738 [main] INFO  org.apache.catalina.core.StandardService - Starting service [Tomcat]
2019-07-28 15:18:25.738 [main] INFO  org.apache.catalina.core.StandardEngine - Starting Servlet engine: [Apache Tomcat/9.0.21]
2019-07-28 15:18:25.937 [main] INFO  o.a.c.core.ContainerBase.[Tomcat].[localhost].[/] - Initializing Spring embedded WebApplicationContext
2019-07-28 15:18:25.938 [main] INFO  org.springframework.web.context.ContextLoader - Root WebApplicationContext: initialization completed in 2111 ms
2019-07-28 15:18:26.718 [main] INFO  com.alibaba.druid.pool.DruidDataSource - {dataSource-1} inited
2019-07-28 15:18:27.495 [main] INFO  com.alibaba.druid.pool.DruidDataSource - {dataSource-2} inited
2019-07-28 15:18:27.612 [main] INFO  com.alibaba.druid.pool.DruidDataSource - {dataSource-3} inited
2019-07-28 15:18:27.692 [main] INFO  com.alibaba.druid.pool.DruidDataSource - {dataSource-4} inited
2019-07-28 15:18:33.175 [main] INFO  o.s.scheduling.concurrent.ThreadPoolTaskExecutor - Initializing ExecutorService 'applicationTaskExecutor'
2019-07-28 15:18:33.511 [main] INFO  org.apache.coyote.http11.Http11NioProtocol - Starting ProtocolHandler ["http-nio-9999"]
2019-07-28 15:18:33.570 [main] INFO  o.s.boot.web.embedded.tomcat.TomcatWebServer - Tomcat started on port(s): 9999 (http) with context path ''
2019-07-28 15:18:33.575 [main] INFO  com.mingyisoft.demo.MingyisoftDemoApplication - Started MingyisoftDemoApplication in 11.325 seconds (JVM running for 12.672)
2019-07-28 15:26:20.175 [http-nio-9999-exec-1] INFO  o.a.c.core.ContainerBase.[Tomcat].[localhost].[/] - Initializing Spring DispatcherServlet 'dispatcherServlet'
2019-07-28 15:26:20.176 [http-nio-9999-exec-1] INFO  org.springframework.web.servlet.DispatcherServlet - Initializing Servlet 'dispatcherServlet'
2019-07-28 15:26:20.202 [http-nio-9999-exec-1] INFO  org.springframework.web.servlet.DispatcherServlet - Completed initialization in 26 ms
2019-07-28 15:35:06.730 [main] INFO  com.mingyisoft.demo.MingyisoftDemoApplication - Starting MingyisoftDemoApplication on bogon with PID 14557 (started by alexyang in /Users/alexyang/yang's workspace/yang-demo/mingyisoft-demo)
2019-07-28 15:35:06.734 [main] INFO  com.mingyisoft.demo.MingyisoftDemoApplication - No active profile set, falling back to default profiles: default
2019-07-28 15:35:08.515 [main] INFO  o.s.boot.web.embedded.tomcat.TomcatWebServer - Tomcat initialized with port(s): 9999 (http)
2019-07-28 15:35:08.533 [main] INFO  org.apache.coyote.http11.Http11NioProtocol - Initializing ProtocolHandler ["http-nio-9999"]
2019-07-28 15:35:08.543 [main] INFO  org.apache.catalina.core.StandardService - Starting service [Tomcat]
2019-07-28 15:35:08.543 [main] INFO  org.apache.catalina.core.StandardEngine - Starting Servlet engine: [Apache Tomcat/9.0.21]
2019-07-28 15:35:08.657 [main] INFO  o.a.c.core.ContainerBase.[Tomcat].[localhost].[/] - Initializing Spring embedded WebApplicationContext
2019-07-28 15:35:08.658 [main] INFO  org.springframework.web.context.ContextLoader - Root WebApplicationContext: initialization completed in 1616 ms
2019-07-28 15:35:09.069 [main] INFO  com.alibaba.druid.pool.DruidDataSource - {dataSource-1} inited
2019-07-28 15:35:09.636 [main] INFO  com.alibaba.druid.pool.DruidDataSource - {dataSource-2} inited
2019-07-28 15:35:09.726 [main] INFO  com.alibaba.druid.pool.DruidDataSource - {dataSource-3} inited
2019-07-28 15:35:09.790 [main] INFO  com.alibaba.druid.pool.DruidDataSource - {dataSource-4} inited
2019-07-28 15:35:23.544 [main] INFO  o.s.scheduling.concurrent.ThreadPoolTaskExecutor - Initializing ExecutorService 'applicationTaskExecutor'
2019-07-28 15:35:23.832 [main] INFO  org.apache.coyote.http11.Http11NioProtocol - Starting ProtocolHandler ["http-nio-9999"]
2019-07-28 15:35:23.878 [main] INFO  o.s.boot.web.embedded.tomcat.TomcatWebServer - Tomcat started on port(s): 9999 (http) with context path ''
2019-07-28 15:35:23.882 [main] INFO  com.mingyisoft.demo.MingyisoftDemoApplication - Started MingyisoftDemoApplication in 18.133 seconds (JVM running for 18.853)
2019-07-28 15:35:32.048 [http-nio-9999-exec-1] INFO  o.a.c.core.ContainerBase.[Tomcat].[localhost].[/] - Initializing Spring DispatcherServlet 'dispatcherServlet'
2019-07-28 15:35:32.048 [http-nio-9999-exec-1] INFO  org.springframework.web.servlet.DispatcherServlet - Initializing Servlet 'dispatcherServlet'
2019-07-28 15:35:32.059 [http-nio-9999-exec-1] INFO  org.springframework.web.servlet.DispatcherServlet - Completed initialization in 11 ms
2019-07-28 17:25:22.790 [main] INFO  com.mingyisoft.demo.MingyisoftDemoApplication - Starting MingyisoftDemoApplication on bogon with PID 14913 (started by alexyang in /Users/alexyang/yang's workspace/yang-demo/mingyisoft-demo)
2019-07-28 17:25:22.793 [main] INFO  com.mingyisoft.demo.MingyisoftDemoApplication - No active profile set, falling back to default profiles: default
2019-07-28 17:25:24.833 [main] INFO  o.s.boot.web.embedded.tomcat.TomcatWebServer - Tomcat initialized with port(s): 9999 (http)
2019-07-28 17:25:24.854 [main] INFO  org.apache.coyote.http11.Http11NioProtocol - Initializing ProtocolHandler ["http-nio-9999"]
2019-07-28 17:25:24.864 [main] INFO  org.apache.catalina.core.StandardService - Starting service [Tomcat]
2019-07-28 17:25:24.864 [main] INFO  org.apache.catalina.core.StandardEngine - Starting Servlet engine: [Apache Tomcat/9.0.21]
2019-07-28 17:25:24.986 [main] INFO  o.a.c.core.ContainerBase.[Tomcat].[localhost].[/] - Initializing Spring embedded WebApplicationContext
2019-07-28 17:25:24.987 [main] INFO  org.springframework.web.context.ContextLoader - Root WebApplicationContext: initialization completed in 1827 ms
2019-07-28 17:25:25.707 [main] INFO  org.apache.catalina.core.StandardService - Stopping service [Tomcat]
2019-07-28 17:27:17.594 [main] INFO  com.mingyisoft.demo.MingyisoftDemoApplication - Starting MingyisoftDemoApplication on bogon with PID 14916 (started by alexyang in /Users/alexyang/yang's workspace/yang-demo/mingyisoft-demo)
2019-07-28 17:27:17.598 [main] INFO  com.mingyisoft.demo.MingyisoftDemoApplication - No active profile set, falling back to default profiles: default
2019-07-28 17:27:19.767 [main] INFO  o.s.boot.web.embedded.tomcat.TomcatWebServer - Tomcat initialized with port(s): 9999 (http)
2019-07-28 17:27:19.792 [main] INFO  org.apache.coyote.http11.Http11NioProtocol - Initializing ProtocolHandler ["http-nio-9999"]
2019-07-28 17:27:19.805 [main] INFO  org.apache.catalina.core.StandardService - Starting service [Tomcat]
2019-07-28 17:27:19.806 [main] INFO  org.apache.catalina.core.StandardEngine - Starting Servlet engine: [Apache Tomcat/9.0.21]
2019-07-28 17:27:19.943 [main] INFO  o.a.c.core.ContainerBase.[Tomcat].[localhost].[/] - Initializing Spring embedded WebApplicationContext
2019-07-28 17:27:19.943 [main] INFO  org.springframework.web.context.ContextLoader - Root WebApplicationContext: initialization completed in 1987 ms
2019-07-28 17:27:47.003 [main] INFO  com.alibaba.druid.pool.DruidDataSource - {dataSource-1} inited
2019-07-28 17:27:47.076 [main] INFO  com.alibaba.druid.pool.DruidDataSource - {dataSource-2} inited
2019-07-28 17:27:47.327 [main] INFO  o.s.scheduling.concurrent.ThreadPoolTaskExecutor - Initializing ExecutorService 'applicationTaskExecutor'
2019-07-28 17:27:47.615 [main] INFO  org.apache.coyote.http11.Http11NioProtocol - Starting ProtocolHandler ["http-nio-9999"]
2019-07-28 17:27:47.661 [main] INFO  o.s.boot.web.embedded.tomcat.TomcatWebServer - Tomcat started on port(s): 9999 (http) with context path ''
2019-07-28 17:27:47.665 [main] INFO  com.mingyisoft.demo.MingyisoftDemoApplication - Started MingyisoftDemoApplication in 30.975 seconds (JVM running for 31.842)
2019-07-28 17:30:31.270 [http-nio-9999-exec-1] INFO  o.a.c.core.ContainerBase.[Tomcat].[localhost].[/] - Initializing Spring DispatcherServlet 'dispatcherServlet'
2019-07-28 17:30:31.272 [http-nio-9999-exec-1] INFO  org.springframework.web.servlet.DispatcherServlet - Initializing Servlet 'dispatcherServlet'
2019-07-28 17:30:31.304 [http-nio-9999-exec-1] INFO  org.springframework.web.servlet.DispatcherServlet - Completed initialization in 32 ms
2019-07-28 17:49:22.396 [main] INFO  com.mingyisoft.demo.MingyisoftDemoApplication - Starting MingyisoftDemoApplication on bogon with PID 15006 (started by alexyang in /Users/alexyang/yang's workspace/yang-demo/mingyisoft-demo)
2019-07-28 17:49:22.398 [main] INFO  com.mingyisoft.demo.MingyisoftDemoApplication - No active profile set, falling back to default profiles: default
2019-07-28 17:49:24.007 [main] INFO  o.s.boot.web.embedded.tomcat.TomcatWebServer - Tomcat initialized with port(s): 9999 (http)
2019-07-28 17:49:24.024 [main] INFO  org.apache.coyote.http11.Http11NioProtocol - Initializing ProtocolHandler ["http-nio-9999"]
2019-07-28 17:49:24.035 [main] INFO  org.apache.catalina.core.StandardService - Starting service [Tomcat]
2019-07-28 17:49:24.036 [main] INFO  org.apache.catalina.core.StandardEngine - Starting Servlet engine: [Apache Tomcat/9.0.21]
2019-07-28 17:49:24.204 [main] INFO  o.a.c.core.ContainerBase.[Tomcat].[localhost].[/] - Initializing Spring embedded WebApplicationContext
2019-07-28 17:49:24.204 [main] INFO  org.springframework.web.context.ContextLoader - Root WebApplicationContext: initialization completed in 1370 ms
2019-07-28 17:49:29.382 [main] INFO  com.mingyisoft.demo.MingyisoftDemoApplication - Starting MingyisoftDemoApplication on bogon with PID 15007 (started by alexyang in /Users/alexyang/yang's workspace/yang-demo/mingyisoft-demo)
2019-07-28 17:49:29.386 [main] INFO  com.mingyisoft.demo.MingyisoftDemoApplication - No active profile set, falling back to default profiles: default
2019-07-28 17:49:31.212 [main] INFO  o.s.boot.web.embedded.tomcat.TomcatWebServer - Tomcat initialized with port(s): 9999 (http)
2019-07-28 17:49:31.231 [main] INFO  org.apache.coyote.http11.Http11NioProtocol - Initializing ProtocolHandler ["http-nio-9999"]
2019-07-28 17:49:31.242 [main] INFO  org.apache.catalina.core.StandardService - Starting service [Tomcat]
2019-07-28 17:49:31.242 [main] INFO  org.apache.catalina.core.StandardEngine - Starting Servlet engine: [Apache Tomcat/9.0.21]
2019-07-28 17:49:31.345 [main] INFO  o.a.c.core.ContainerBase.[Tomcat].[localhost].[/] - Initializing Spring embedded WebApplicationContext
2019-07-28 17:49:31.345 [main] INFO  org.springframework.web.context.ContextLoader - Root WebApplicationContext: initialization completed in 1660 ms
2019-07-28 17:49:46.378 [main] INFO  com.alibaba.druid.pool.DruidDataSource - {dataSource-1} inited
2019-07-28 17:49:46.440 [main] INFO  com.alibaba.druid.pool.DruidDataSource - {dataSource-2} inited
2019-07-28 17:49:46.719 [main] INFO  o.s.scheduling.concurrent.ThreadPoolTaskExecutor - Initializing ExecutorService 'applicationTaskExecutor'
2019-07-28 17:49:47.016 [main] INFO  org.apache.coyote.http11.Http11NioProtocol - Starting ProtocolHandler ["http-nio-9999"]
2019-07-28 17:49:47.067 [main] INFO  o.s.boot.web.embedded.tomcat.TomcatWebServer - Tomcat started on port(s): 9999 (http) with context path ''
2019-07-28 17:49:47.071 [main] INFO  com.mingyisoft.demo.MingyisoftDemoApplication - Started MingyisoftDemoApplication in 18.545 seconds (JVM running for 19.233)
2019-07-28 17:49:49.855 [http-nio-9999-exec-1] INFO  o.a.c.core.ContainerBase.[Tomcat].[localhost].[/] - Initializing Spring DispatcherServlet 'dispatcherServlet'
2019-07-28 17:49:49.856 [http-nio-9999-exec-1] INFO  org.springframework.web.servlet.DispatcherServlet - Initializing Servlet 'dispatcherServlet'
2019-07-28 17:49:49.865 [http-nio-9999-exec-1] INFO  org.springframework.web.servlet.DispatcherServlet - Completed initialization in 9 ms
2019-07-28 18:03:44.917 [main] INFO  com.mingyisoft.demo.MingyisoftDemoApplication - Starting MingyisoftDemoApplication on bogon with PID 15120 (started by alexyang in /Users/alexyang/yang's workspace/yang-demo/mingyisoft-demo)
2019-07-28 18:03:44.918 [main] INFO  com.mingyisoft.demo.MingyisoftDemoApplication - No active profile set, falling back to default profiles: default
2019-07-28 20:05:52.591 [main] INFO  com.mingyisoft.demo.MingyisoftDemoApplication - Starting MingyisoftDemoApplication on bogon with PID 15476 (started by alexyang in /Users/alexyang/yang's workspace/yang-demo/mingyisoft-demo)
2019-07-28 20:05:52.595 [main] INFO  com.mingyisoft.demo.MingyisoftDemoApplication - No active profile set, falling back to default profiles: default
2019-07-28 20:44:54.993 [main] INFO  com.mingyisoft.demo.MingyisoftDemoApplication - Starting MingyisoftDemoApplication on bogon with PID 15537 (started by alexyang in /Users/alexyang/yang's workspace/yang-demo/mingyisoft-demo)
2019-07-28 20:44:54.998 [main] INFO  com.mingyisoft.demo.MingyisoftDemoApplication - No active profile set, falling back to default profiles: default
2019-07-28 20:49:00.220 [main] INFO  com.mingyisoft.demo.MingyisoftDemoApplication - Starting MingyisoftDemoApplication on bogon with PID 15544 (started by alexyang in /Users/alexyang/yang's workspace/yang-demo/mingyisoft-demo)
2019-07-28 20:49:00.224 [main] INFO  com.mingyisoft.demo.MingyisoftDemoApplication - No active profile set, falling back to default profiles: default
2019-07-28 21:05:39.525 [main] INFO  com.mingyisoft.demo.MingyisoftDemoApplication - Starting MingyisoftDemoApplication on bogon with PID 15558 (started by alexyang in /Users/alexyang/yang's workspace/yang-demo/mingyisoft-demo)
2019-07-28 21:05:39.529 [main] INFO  com.mingyisoft.demo.MingyisoftDemoApplication - No active profile set, falling back to default profiles: default
2019-07-28 21:05:47.369 [main] INFO  o.s.boot.web.embedded.tomcat.TomcatWebServer - Tomcat initialized with port(s): 9999 (http)
2019-07-28 21:05:47.392 [main] INFO  org.apache.coyote.http11.Http11NioProtocol - Initializing ProtocolHandler ["http-nio-9999"]
2019-07-28 21:05:47.405 [main] INFO  org.apache.catalina.core.StandardService - Starting service [Tomcat]
2019-07-28 21:05:47.405 [main] INFO  org.apache.catalina.core.StandardEngine - Starting Servlet engine: [Apache Tomcat/9.0.21]
2019-07-28 21:05:47.536 [main] INFO  o.a.c.core.ContainerBase.[Tomcat].[localhost].[/] - Initializing Spring embedded WebApplicationContext
2019-07-28 21:05:47.536 [main] INFO  org.springframework.web.context.ContextLoader - Root WebApplicationContext: initialization completed in 7572 ms
2019-07-28 21:05:49.353 [main] INFO  com.alibaba.druid.pool.DruidDataSource - {dataSource-1} inited
2019-07-28 21:05:49.425 [main] INFO  com.alibaba.druid.pool.DruidDataSource - {dataSource-2} inited
2019-07-28 21:05:49.672 [main] INFO  o.s.scheduling.concurrent.ThreadPoolTaskExecutor - Initializing ExecutorService 'applicationTaskExecutor'
2019-07-28 21:05:50.007 [main] INFO  c.b.dynamic.datasource.DynamicDataSourceCreator - 动态数据源-检测到druid存在,如配置中未指定type,druid会默认配置
2019-07-28 21:05:50.493 [main] INFO  org.apache.coyote.http11.Http11NioProtocol - Starting ProtocolHandler ["http-nio-9999"]
2019-07-28 21:05:50.542 [main] INFO  o.s.boot.web.embedded.tomcat.TomcatWebServer - Tomcat started on port(s): 9999 (http) with context path ''
2019-07-28 21:05:50.546 [main] INFO  com.mingyisoft.demo.MingyisoftDemoApplication - Started MingyisoftDemoApplication in 11.879 seconds (JVM running for 12.6)
2019-07-28 21:06:12.039 [http-nio-9999-exec-1] INFO  o.a.c.core.ContainerBase.[Tomcat].[localhost].[/] - Initializing Spring DispatcherServlet 'dispatcherServlet'
2019-07-28 21:06:12.040 [http-nio-9999-exec-1] INFO  org.springframework.web.servlet.DispatcherServlet - Initializing Servlet 'dispatcherServlet'
2019-07-28 21:06:12.050 [http-nio-9999-exec-1] INFO  org.springframework.web.servlet.DispatcherServlet - Completed initialization in 10 ms
2019-07-28 21:16:42.942 [main] INFO  com.mingyisoft.demo.MingyisoftDemoApplication - Starting MingyisoftDemoApplication on bogon with PID 15658 (started by alexyang in /Users/alexyang/yang's workspace/yang-demo/mingyisoft-demo)
2019-07-28 21:16:42.947 [main] INFO  com.mingyisoft.demo.MingyisoftDemoApplication - No active profile set, falling back to default profiles: default
2019-07-28 21:17:19.949 [main] INFO  o.s.boot.web.embedded.tomcat.TomcatWebServer - Tomcat initialized with port(s): 9999 (http)
2019-07-28 21:17:19.969 [main] INFO  org.apache.coyote.http11.Http11NioProtocol - Initializing ProtocolHandler ["http-nio-9999"]
2019-07-28 21:17:19.981 [main] INFO  org.apache.catalina.core.StandardService - Starting service [Tomcat]
2019-07-28 21:17:19.981 [main] INFO  org.apache.catalina.core.StandardEngine - Starting Servlet engine: [Apache Tomcat/9.0.21]
2019-07-28 21:17:20.094 [main] INFO  o.a.c.core.ContainerBase.[Tomcat].[localhost].[/] - Initializing Spring embedded WebApplicationContext
2019-07-28 21:17:20.094 [main] INFO  org.springframework.web.context.ContextLoader - Root WebApplicationContext: initialization completed in 36831 ms
2019-07-28 21:17:21.874 [main] INFO  com.alibaba.druid.pool.DruidDataSource - {dataSource-1} inited
2019-07-28 21:17:21.933 [main] INFO  com.alibaba.druid.pool.DruidDataSource - {dataSource-2} inited
2019-07-28 21:17:22.180 [main] INFO  o.s.scheduling.concurrent.ThreadPoolTaskExecutor - Initializing ExecutorService 'applicationTaskExecutor'
2019-07-28 21:17:23.028 [main] INFO  c.b.dynamic.datasource.DynamicDataSourceCreator - 动态数据源-检测到druid存在,如配置中未指定type,druid会默认配置
2019-07-28 21:17:23.427 [main] INFO  org.apache.coyote.http11.Http11NioProtocol - Starting ProtocolHandler ["http-nio-9999"]
2019-07-28 21:17:23.470 [main] INFO  o.s.boot.web.embedded.tomcat.TomcatWebServer - Tomcat started on port(s): 9999 (http) with context path ''
2019-07-28 21:17:23.474 [main] INFO  com.mingyisoft.demo.MingyisoftDemoApplication - Started MingyisoftDemoApplication in 41.358 seconds (JVM running for 42.223)
2019-07-28 21:21:44.605 [http-nio-9999-exec-1] INFO  o.a.c.core.ContainerBase.[Tomcat].[localhost].[/] - Initializing Spring DispatcherServlet 'dispatcherServlet'
2019-07-28 21:21:44.606 [http-nio-9999-exec-1] INFO  org.springframework.web.servlet.DispatcherServlet - Initializing Servlet 'dispatcherServlet'
2019-07-28 21:21:44.640 [http-nio-9999-exec-1] INFO  org.springframework.web.servlet.DispatcherServlet - Completed initialization in 34 ms
2019-07-28 21:41:34.257 [main] INFO  com.mingyisoft.demo.MingyisoftDemoApplication - Starting MingyisoftDemoApplication on bogon with PID 15695 (started by alexyang in /Users/alexyang/yang's workspace/yang-demo/mingyisoft-demo)
2019-07-28 21:41:34.262 [main] INFO  com.mingyisoft.demo.MingyisoftDemoApplication - No active profile set, falling back to default profiles: default
2019-07-28 21:41:36.034 [main] INFO  o.s.boot.web.embedded.tomcat.TomcatWebServer - Tomcat initialized with port(s): 9999 (http)
2019-07-28 21:41:36.058 [main] INFO  org.apache.coyote.http11.Http11NioProtocol - Initializing ProtocolHandler ["http-nio-9999"]
2019-07-28 21:41:36.069 [main] INFO  org.apache.catalina.core.StandardService - Starting service [Tomcat]
2019-07-28 21:41:36.069 [main] INFO  org.apache.catalina.core.StandardEngine - Starting Servlet engine: [Apache Tomcat/9.0.21]
2019-07-28 21:41:36.182 [main] INFO  o.a.c.core.ContainerBase.[Tomcat].[localhost].[/] - Initializing Spring embedded WebApplicationContext
2019-07-28 21:41:36.183 [main] INFO  org.springframework.web.context.ContextLoader - Root WebApplicationContext: initialization completed in 1632 ms
2019-07-28 21:41:37.388 [main] INFO  com.alibaba.druid.pool.DruidDataSource - {dataSource-1} inited
2019-07-28 21:41:37.443 [main] INFO  com.alibaba.druid.pool.DruidDataSource - {dataSource-2} inited
2019-07-28 21:41:37.684 [main] INFO  o.s.scheduling.concurrent.ThreadPoolTaskExecutor - Initializing ExecutorService 'applicationTaskExecutor'
2019-07-28 21:41:37.859 [main] INFO  c.b.dynamic.datasource.DynamicDataSourceCreator - 动态数据源-检测到druid存在,如配置中未指定type,druid会默认配置
2019-07-28 21:41:37.985 [main] INFO  org.apache.coyote.http11.Http11NioProtocol - Starting ProtocolHandler ["http-nio-9999"]
2019-07-28 21:41:38.029 [main] INFO  o.s.boot.web.embedded.tomcat.TomcatWebServer - Tomcat started on port(s): 9999 (http) with context path ''
2019-07-28 21:41:38.033 [main] INFO  com.mingyisoft.demo.MingyisoftDemoApplication - Started MingyisoftDemoApplication in 4.488 seconds (JVM running for 5.188)
2019-07-28 21:42:14.962 [http-nio-9999-exec-1] INFO  o.a.c.core.ContainerBase.[Tomcat].[localhost].[/] - Initializing Spring DispatcherServlet 'dispatcherServlet'
2019-07-28 21:42:14.963 [http-nio-9999-exec-1] INFO  org.springframework.web.servlet.DispatcherServlet - Initializing Servlet 'dispatcherServlet'
2019-07-28 21:42:14.973 [http-nio-9999-exec-1] INFO  org.springframework.web.servlet.DispatcherServlet - Completed initialization in 9 ms
2019-07-28 21:58:50.202 [main] INFO  com.mingyisoft.demo.MingyisoftDemoApplication - Starting MingyisoftDemoApplication on bogon with PID 15706 (started by alexyang in /Users/alexyang/yang's workspace/yang-demo/mingyisoft-demo)
2019-07-28 21:58:50.206 [main] INFO  com.mingyisoft.demo.MingyisoftDemoApplication - No active profile set, falling back to default profiles: default
2019-07-28 21:59:08.301 [main] INFO  o.s.boot.web.embedded.tomcat.TomcatWebServer - Tomcat initialized with port(s): 9999 (http)
2019-07-28 21:59:08.321 [main] INFO  org.apache.coyote.http11.Http11NioProtocol - Initializing ProtocolHandler ["http-nio-9999"]
2019-07-28 21:59:08.331 [main] INFO  org.apache.catalina.core.StandardService - Starting service [Tomcat]
2019-07-28 21:59:08.332 [main] INFO  org.apache.catalina.core.StandardEngine - Starting Servlet engine: [Apache Tomcat/9.0.21]
2019-07-28 21:59:08.449 [main] INFO  o.a.c.core.ContainerBase.[Tomcat].[localhost].[/] - Initializing Spring embedded WebApplicationContext
2019-07-28 21:59:08.449 [main] INFO  org.springframework.web.context.ContextLoader - Root WebApplicationContext: initialization completed in 17926 ms
2019-07-28 21:59:33.833 [main] INFO  com.alibaba.druid.pool.DruidDataSource - {dataSource-1} inited
2019-07-28 21:59:33.897 [main] INFO  com.alibaba.druid.pool.DruidDataSource - {dataSource-2} inited
2019-07-28 21:59:34.148 [main] INFO  o.s.scheduling.concurrent.ThreadPoolTaskExecutor - Initializing ExecutorService 'applicationTaskExecutor'
2019-07-28 22:01:12.778 [main] INFO  c.b.dynamic.datasource.DynamicDataSourceCreator - 动态数据源-检测到druid存在,如配置中未指定type,druid会默认配置
2019-07-28 22:03:08.599 [main] INFO  org.apache.coyote.http11.Http11NioProtocol - Starting ProtocolHandler ["http-nio-9999"]
2019-07-28 22:03:08.645 [main] INFO  o.s.boot.web.embedded.tomcat.TomcatWebServer - Tomcat started on port(s): 9999 (http) with context path ''
2019-07-28 22:03:08.650 [main] INFO  com.mingyisoft.demo.MingyisoftDemoApplication - Started MingyisoftDemoApplication in 259.275 seconds (JVM running for 260.129)
2019-07-28 22:09:10.452 [main] INFO  com.mingyisoft.demo.MingyisoftDemoApplication - Starting MingyisoftDemoApplication on bogon with PID 15719 (started by alexyang in /Users/alexyang/yang's workspace/yang-demo/mingyisoft-demo)
2019-07-28 22:09:10.456 [main] INFO  com.mingyisoft.demo.MingyisoftDemoApplication - No active profile set, falling back to default profiles: default
2019-07-28 22:09:38.983 [main] INFO  o.s.boot.web.embedded.tomcat.TomcatWebServer - Tomcat initialized with port(s): 9999 (http)
2019-07-28 22:09:39.000 [main] INFO  org.apache.coyote.http11.Http11NioProtocol - Initializing ProtocolHandler ["http-nio-9999"]
2019-07-28 22:09:39.012 [main] INFO  org.apache.catalina.core.StandardService - Starting service [Tomcat]
2019-07-28 22:09:39.012 [main] INFO  org.apache.catalina.core.StandardEngine - Starting Servlet engine: [Apache Tomcat/9.0.21]
2019-07-28 22:09:39.112 [main] INFO  o.a.c.core.ContainerBase.[Tomcat].[localhost].[/] - Initializing Spring embedded WebApplicationContext
2019-07-28 22:09:39.113 [main] INFO  org.springframework.web.context.ContextLoader - Root WebApplicationContext: initialization completed in 28360 ms
2019-07-28 22:09:39.240 [main] INFO  org.apache.catalina.core.StandardService - Stopping service [Tomcat]
2019-07-28 22:10:37.140 [main] INFO  com.mingyisoft.demo.MingyisoftDemoApplication - Starting MingyisoftDemoApplication on bogon with PID 15720 (started by alexyang in /Users/alexyang/yang's workspace/yang-demo/mingyisoft-demo)
2019-07-28 22:10:37.144 [main] INFO  com.mingyisoft.demo.MingyisoftDemoApplication - No active profile set, falling back to default profiles: default
2019-07-28 22:10:46.606 [main] INFO  o.s.boot.web.embedded.tomcat.TomcatWebServer - Tomcat initialized with port(s): 9999 (http)
2019-07-28 22:10:46.628 [main] INFO  org.apache.coyote.http11.Http11NioProtocol - Initializing ProtocolHandler ["http-nio-9999"]
2019-07-28 22:10:46.639 [main] INFO  org.apache.catalina.core.StandardService - Starting service [Tomcat]
2019-07-28 22:10:46.640 [main] INFO  org.apache.catalina.core.StandardEngine - Starting Servlet engine: [Apache Tomcat/9.0.21]
2019-07-28 22:10:46.764 [main] INFO  o.a.c.core.ContainerBase.[Tomcat].[localhost].[/] - Initializing Spring embedded WebApplicationContext
2019-07-28 22:10:46.765 [main] INFO  org.springframework.web.context.ContextLoader - Root WebApplicationContext: initialization completed in 9301 ms
2019-07-28 22:10:49.047 [main] INFO  c.a.d.s.b.a.DruidDataSourceAutoConfigure - Init DruidDataSource
2019-07-28 22:10:49.161 [main] INFO  org.apache.catalina.core.StandardService - Stopping service [Tomcat]
2019-07-28 22:12:29.412 [main] INFO  com.mingyisoft.demo.MingyisoftDemoApplication - Starting MingyisoftDemoApplication on bogon with PID 15723 (started by alexyang in /Users/alexyang/yang's workspace/yang-demo/mingyisoft-demo)
2019-07-28 22:12:29.414 [main] INFO  com.mingyisoft.demo.MingyisoftDemoApplication - No active profile set, falling back to default profiles: default
2019-07-28 22:12:39.595 [main] INFO  o.s.boot.web.embedded.tomcat.TomcatWebServer - Tomcat initialized with port(s): 9999 (http)
2019-07-28 22:12:39.613 [main] INFO  org.apache.coyote.http11.Http11NioProtocol - Initializing ProtocolHandler ["http-nio-9999"]
2019-07-28 22:12:39.626 [main] INFO  org.apache.catalina.core.StandardService - Starting service [Tomcat]
2019-07-28 22:12:39.626 [main] INFO  org.apache.catalina.core.StandardEngine - Starting Servlet engine: [Apache Tomcat/9.0.21]
2019-07-28 22:12:39.733 [main] INFO  o.a.c.core.ContainerBase.[Tomcat].[localhost].[/] - Initializing Spring embedded WebApplicationContext
2019-07-28 22:12:39.734 [main] INFO  org.springframework.web.context.ContextLoader - Root WebApplicationContext: initialization completed in 10221 ms
2019-07-28 22:12:42.633 [main] INFO  c.a.d.s.b.a.DruidDataSourceAutoConfigure - Init DruidDataSource
2019-07-28 22:12:42.767 [main] INFO  org.apache.catalina.core.StandardService - Stopping service [Tomcat]
2019-07-28 22:20:29.477 [main] INFO  com.mingyisoft.demo.MingyisoftDemoApplication - Starting MingyisoftDemoApplication on bogon with PID 15738 (started by alexyang in /Users/alexyang/yang's workspace/yang-demo/mingyisoft-demo)
2019-07-28 22:20:29.481 [main] INFO  com.mingyisoft.demo.MingyisoftDemoApplication - No active profile set, falling back to default profiles: default
2019-07-28 22:20:47.243 [main] INFO  o.s.boot.web.embedded.tomcat.TomcatWebServer - Tomcat initialized with port(s): 9999 (http)
2019-07-28 22:20:47.271 [main] INFO  org.apache.coyote.http11.Http11NioProtocol - Initializing ProtocolHandler ["http-nio-9999"]
2019-07-28 22:20:47.285 [main] INFO  org.apache.catalina.core.StandardService - Starting service [Tomcat]
2019-07-28 22:20:47.285 [main] INFO  org.apache.catalina.core.StandardEngine - Starting Servlet engine: [Apache Tomcat/9.0.21]
2019-07-28 22:20:47.435 [main] INFO  o.a.c.core.ContainerBase.[Tomcat].[localhost].[/] - Initializing Spring embedded WebApplicationContext
2019-07-28 22:20:47.435 [main] INFO  org.springframework.web.context.ContextLoader - Root WebApplicationContext: initialization completed in 17848 ms
2019-07-28 22:20:49.988 [main] INFO  c.a.d.s.b.a.DruidDataSourceAutoConfigure - Init DruidDataSource
2019-07-28 22:20:50.187 [main] INFO  com.alibaba.druid.pool.DruidDataSource - {dataSource-1} inited
2019-07-28 22:20:55.735 [main] INFO  o.s.scheduling.concurrent.ThreadPoolTaskExecutor - Initializing ExecutorService 'applicationTaskExecutor'
2019-07-28 22:20:57.359 [main] INFO  c.b.dynamic.datasource.DynamicDataSourceCreator - 动态数据源-检测到druid存在,如配置中未指定type,druid会默认配置
2019-07-28 22:20:58.366 [main] INFO  org.apache.coyote.http11.Http11NioProtocol - Starting ProtocolHandler ["http-nio-9999"]
2019-07-28 22:20:58.415 [main] INFO  o.s.boot.web.embedded.tomcat.TomcatWebServer - Tomcat started on port(s): 9999 (http) with context path ''
2019-07-28 22:20:58.420 [main] INFO  com.mingyisoft.demo.MingyisoftDemoApplication - Started MingyisoftDemoApplication in 29.651 seconds (JVM running for 30.338)
2019-07-28 22:21:12.885 [http-nio-9999-exec-1] INFO  o.a.c.core.ContainerBase.[Tomcat].[localhost].[/] - Initializing Spring DispatcherServlet 'dispatcherServlet'
2019-07-28 22:21:12.885 [http-nio-9999-exec-1] INFO  org.springframework.web.servlet.DispatcherServlet - Initializing Servlet 'dispatcherServlet'
2019-07-28 22:21:12.896 [http-nio-9999-exec-1] INFO  org.springframework.web.servlet.DispatcherServlet - Completed initialization in 11 ms
2019-07-28 22:22:44.144 [main] INFO  com.mingyisoft.demo.MingyisoftDemoApplication - Starting MingyisoftDemoApplication on bogon with PID 15740 (started by alexyang in /Users/alexyang/yang's workspace/yang-demo/mingyisoft-demo)
2019-07-28 22:22:44.146 [main] INFO  com.mingyisoft.demo.MingyisoftDemoApplication - No active profile set, falling back to default profiles: default
2019-07-28 22:22:45.701 [main] INFO  o.s.boot.web.embedded.tomcat.TomcatWebServer - Tomcat initialized with port(s): 9999 (http)
2019-07-28 22:22:45.718 [main] INFO  org.apache.coyote.http11.Http11NioProtocol - Initializing ProtocolHandler ["http-nio-9999"]
2019-07-28 22:22:45.728 [main] INFO  org.apache.catalina.core.StandardService - Starting service [Tomcat]
2019-07-28 22:22:45.729 [main] INFO  org.apache.catalina.core.StandardEngine - Starting Servlet engine: [Apache Tomcat/9.0.21]
2019-07-28 22:22:45.832 [main] INFO  o.a.c.core.ContainerBase.[Tomcat].[localhost].[/] - Initializing Spring embedded WebApplicationContext
2019-07-28 22:22:45.833 [main] INFO  org.springframework.web.context.ContextLoader - Root WebApplicationContext: initialization completed in 1631 ms
2019-07-28 22:22:45.953 [main] INFO  org.apache.catalina.core.StandardService - Stopping service [Tomcat]
2019-07-28 22:50:13.106 [main] INFO  com.mingyisoft.demo.MingyisoftDemoApplication - Starting MingyisoftDemoApplication on bogon with PID 15779 (started by alexyang in /Users/alexyang/yang's workspace/yang-demo/mingyisoft-demo)
2019-07-28 22:50:13.109 [main] INFO  com.mingyisoft.demo.MingyisoftDemoApplication - No active profile set, falling back to default profiles: default
2019-07-28 22:50:14.872 [main] INFO  o.s.boot.web.embedded.tomcat.TomcatWebServer - Tomcat initialized with port(s): 9999 (http)
2019-07-28 22:50:14.894 [main] INFO  org.apache.coyote.http11.Http11NioProtocol - Initializing ProtocolHandler ["http-nio-9999"]
2019-07-28 22:50:14.905 [main] INFO  org.apache.catalina.core.StandardService - Starting service [Tomcat]
2019-07-28 22:50:14.906 [main] INFO  org.apache.catalina.core.StandardEngine - Starting Servlet engine: [Apache Tomcat/9.0.21]
2019-07-28 22:50:15.029 [main] INFO  o.a.c.core.ContainerBase.[Tomcat].[localhost].[/] - Initializing Spring embedded WebApplicationContext
2019-07-28 22:50:15.029 [main] INFO  org.springframework.web.context.ContextLoader - Root WebApplicationContext: initialization completed in 1851 ms
2019-07-28 22:50:15.161 [main] INFO  org.apache.catalina.core.StandardService - Stopping service [Tomcat]
