2019-07-29 02:02:31.909 [main] INFO  com.mingyisoft.demo.MingyisoftDemoApplication - Starting MingyisoftDemoApplication on bogon with PID 16325 (started by alexyang in /Users/alexyang/yang's workspace/yang-demo/mingyisoft-demo)
2019-07-29 02:02:31.912 [main] INFO  com.mingyisoft.demo.MingyisoftDemoApplication - No active profile set, falling back to default profiles: default
2019-07-29 02:02:33.810 [main] INFO  o.s.boot.web.embedded.tomcat.TomcatWebServer - Tomcat initialized with port(s): 9999 (http)
2019-07-29 02:02:33.831 [main] INFO  org.apache.coyote.http11.Http11NioProtocol - Initializing ProtocolHandler ["http-nio-9999"]
2019-07-29 02:02:33.843 [main] INFO  org.apache.catalina.core.StandardService - Starting service [Tomcat]
2019-07-29 02:02:33.843 [main] INFO  org.apache.catalina.core.StandardEngine - Starting Servlet engine: [Apache Tomcat/9.0.21]
2019-07-29 02:02:33.960 [main] INFO  o.a.c.core.ContainerBase.[Tomcat].[localhost].[/] - Initializing Spring embedded WebApplicationContext
2019-07-29 02:02:33.960 [main] INFO  org.springframework.web.context.ContextLoader - Root WebApplicationContext: initialization completed in 1728 ms
2019-07-29 02:02:35.409 [main] INFO  org.apache.catalina.core.StandardService - Stopping service [Tomcat]
2019-07-29 02:14:29.862 [main] INFO  com.mingyisoft.demo.MingyisoftDemoApplication - Starting MingyisoftDemoApplication on bogon with PID 16338 (started by alexyang in /Users/alexyang/yang's workspace/yang-demo/mingyisoft-demo)
2019-07-29 02:14:29.866 [main] INFO  com.mingyisoft.demo.MingyisoftDemoApplication - No active profile set, falling back to default profiles: default
2019-07-29 02:14:31.709 [main] INFO  o.s.boot.web.embedded.tomcat.TomcatWebServer - Tomcat initialized with port(s): 9999 (http)
2019-07-29 02:14:31.731 [main] INFO  org.apache.coyote.http11.Http11NioProtocol - Initializing ProtocolHandler ["http-nio-9999"]
2019-07-29 02:14:31.743 [main] INFO  org.apache.catalina.core.StandardService - Starting service [Tomcat]
2019-07-29 02:14:31.744 [main] INFO  org.apache.catalina.core.StandardEngine - Starting Servlet engine: [Apache Tomcat/9.0.21]
2019-07-29 02:14:31.866 [main] INFO  o.a.c.core.ContainerBase.[Tomcat].[localhost].[/] - Initializing Spring embedded WebApplicationContext
2019-07-29 02:14:31.867 [main] INFO  org.springframework.web.context.ContextLoader - Root WebApplicationContext: initialization completed in 1720 ms
2019-07-29 02:14:33.150 [main] INFO  org.apache.catalina.core.StandardService - Stopping service [Tomcat]
2019-07-29 02:15:54.458 [main] INFO  com.mingyisoft.demo.MingyisoftDemoApplication - Starting MingyisoftDemoApplication on bogon with PID 16340 (started by alexyang in /Users/alexyang/yang's workspace/yang-demo/mingyisoft-demo)
2019-07-29 02:15:54.462 [main] INFO  com.mingyisoft.demo.MingyisoftDemoApplication - No active profile set, falling back to default profiles: default
2019-07-29 02:15:56.040 [main] INFO  o.s.boot.web.embedded.tomcat.TomcatWebServer - Tomcat initialized with port(s): 9999 (http)
2019-07-29 02:15:56.058 [main] INFO  org.apache.coyote.http11.Http11NioProtocol - Initializing ProtocolHandler ["http-nio-9999"]
2019-07-29 02:15:56.069 [main] INFO  org.apache.catalina.core.StandardService - Starting service [Tomcat]
2019-07-29 02:15:56.069 [main] INFO  org.apache.catalina.core.StandardEngine - Starting Servlet engine: [Apache Tomcat/9.0.21]
2019-07-29 02:15:56.184 [main] INFO  o.a.c.core.ContainerBase.[Tomcat].[localhost].[/] - Initializing Spring embedded WebApplicationContext
2019-07-29 02:15:56.185 [main] INFO  org.springframework.web.context.ContextLoader - Root WebApplicationContext: initialization completed in 1463 ms
2019-07-29 02:15:57.549 [main] INFO  com.alibaba.druid.pool.DruidDataSource - {dataSource-1} inited
2019-07-29 02:15:57.608 [main] INFO  com.alibaba.druid.pool.DruidDataSource - {dataSource-2} inited
2019-07-29 02:15:57.856 [main] INFO  o.s.scheduling.concurrent.ThreadPoolTaskExecutor - Initializing ExecutorService 'applicationTaskExecutor'
2019-07-29 02:15:58.134 [main] INFO  org.apache.coyote.http11.Http11NioProtocol - Starting ProtocolHandler ["http-nio-9999"]
2019-07-29 02:15:58.182 [main] INFO  o.s.boot.web.embedded.tomcat.TomcatWebServer - Tomcat started on port(s): 9999 (http) with context path ''
2019-07-29 02:15:58.186 [main] INFO  com.mingyisoft.demo.MingyisoftDemoApplication - Started MingyisoftDemoApplication in 4.391 seconds (JVM running for 4.963)
2019-07-29 02:17:54.777 [main] INFO  com.mingyisoft.demo.MingyisoftDemoApplication - Starting MingyisoftDemoApplication on bogon with PID 16343 (started by alexyang in /Users/alexyang/yang's workspace/yang-demo/mingyisoft-demo)
2019-07-29 02:17:54.780 [main] INFO  com.mingyisoft.demo.MingyisoftDemoApplication - No active profile set, falling back to default profiles: default
2019-07-29 02:17:56.501 [main] INFO  o.s.boot.web.embedded.tomcat.TomcatWebServer - Tomcat initialized with port(s): 9999 (http)
2019-07-29 02:17:56.518 [main] INFO  org.apache.coyote.http11.Http11NioProtocol - Initializing ProtocolHandler ["http-nio-9999"]
2019-07-29 02:17:56.530 [main] INFO  org.apache.catalina.core.StandardService - Starting service [Tomcat]
2019-07-29 02:17:56.531 [main] INFO  org.apache.catalina.core.StandardEngine - Starting Servlet engine: [Apache Tomcat/9.0.21]
2019-07-29 02:17:56.633 [main] INFO  o.a.c.core.ContainerBase.[Tomcat].[localhost].[/] - Initializing Spring embedded WebApplicationContext
2019-07-29 02:17:56.633 [main] INFO  org.springframework.web.context.ContextLoader - Root WebApplicationContext: initialization completed in 1552 ms
2019-07-29 02:17:57.944 [main] INFO  com.alibaba.druid.pool.DruidDataSource - {dataSource-1} inited
2019-07-29 02:17:58.027 [main] INFO  com.alibaba.druid.pool.DruidDataSource - {dataSource-2} inited
2019-07-29 02:17:58.238 [main] INFO  o.s.scheduling.concurrent.ThreadPoolTaskExecutor - Initializing ExecutorService 'applicationTaskExecutor'
2019-07-29 02:17:58.500 [main] INFO  org.apache.coyote.http11.Http11NioProtocol - Starting ProtocolHandler ["http-nio-9999"]
2019-07-29 02:17:58.541 [main] INFO  o.s.boot.web.embedded.tomcat.TomcatWebServer - Tomcat started on port(s): 9999 (http) with context path ''
2019-07-29 02:17:58.545 [main] INFO  com.mingyisoft.demo.MingyisoftDemoApplication - Started MingyisoftDemoApplication in 4.41 seconds (JVM running for 4.983)
2019-07-29 02:18:13.946 [http-nio-9999-exec-1] INFO  o.a.c.core.ContainerBase.[Tomcat].[localhost].[/] - Initializing Spring DispatcherServlet 'dispatcherServlet'
2019-07-29 02:18:13.947 [http-nio-9999-exec-1] INFO  org.springframework.web.servlet.DispatcherServlet - Initializing Servlet 'dispatcherServlet'
2019-07-29 02:18:13.958 [http-nio-9999-exec-1] INFO  org.springframework.web.servlet.DispatcherServlet - Completed initialization in 11 ms
2019-07-29 02:19:59.320 [main] INFO  com.mingyisoft.demo.MingyisoftDemoApplication - Starting MingyisoftDemoApplication on bogon with PID 16347 (started by alexyang in /Users/alexyang/yang's workspace/yang-demo/mingyisoft-demo)
2019-07-29 02:19:59.324 [main] INFO  com.mingyisoft.demo.MingyisoftDemoApplication - No active profile set, falling back to default profiles: default
2019-07-29 02:20:01.013 [main] INFO  o.s.boot.web.embedded.tomcat.TomcatWebServer - Tomcat initialized with port(s): 9999 (http)
2019-07-29 02:20:01.031 [main] INFO  org.apache.coyote.http11.Http11NioProtocol - Initializing ProtocolHandler ["http-nio-9999"]
2019-07-29 02:20:01.044 [main] INFO  org.apache.catalina.core.StandardService - Starting service [Tomcat]
2019-07-29 02:20:01.045 [main] INFO  org.apache.catalina.core.StandardEngine - Starting Servlet engine: [Apache Tomcat/9.0.21]
2019-07-29 02:20:01.151 [main] INFO  o.a.c.core.ContainerBase.[Tomcat].[localhost].[/] - Initializing Spring embedded WebApplicationContext
2019-07-29 02:20:01.151 [main] INFO  org.springframework.web.context.ContextLoader - Root WebApplicationContext: initialization completed in 1545 ms
2019-07-29 02:20:02.443 [main] INFO  com.alibaba.druid.pool.DruidDataSource - {dataSource-1} inited
2019-07-29 02:20:02.493 [main] INFO  com.alibaba.druid.pool.DruidDataSource - {dataSource-2} inited
2019-07-29 02:20:02.709 [main] INFO  o.s.scheduling.concurrent.ThreadPoolTaskExecutor - Initializing ExecutorService 'applicationTaskExecutor'
2019-07-29 02:20:02.962 [main] INFO  org.apache.coyote.http11.Http11NioProtocol - Starting ProtocolHandler ["http-nio-9999"]
2019-07-29 02:20:03.003 [main] INFO  o.s.boot.web.embedded.tomcat.TomcatWebServer - Tomcat started on port(s): 9999 (http) with context path ''
2019-07-29 02:20:03.007 [main] INFO  com.mingyisoft.demo.MingyisoftDemoApplication - Started MingyisoftDemoApplication in 4.375 seconds (JVM running for 4.965)
2019-07-29 02:20:33.100 [http-nio-9999-exec-1] INFO  o.a.c.core.ContainerBase.[Tomcat].[localhost].[/] - Initializing Spring DispatcherServlet 'dispatcherServlet'
2019-07-29 02:20:33.101 [http-nio-9999-exec-1] INFO  org.springframework.web.servlet.DispatcherServlet - Initializing Servlet 'dispatcherServlet'
2019-07-29 02:20:33.111 [http-nio-9999-exec-1] INFO  org.springframework.web.servlet.DispatcherServlet - Completed initialization in 10 ms
2019-07-29 02:21:08.682 [main] INFO  com.mingyisoft.demo.MingyisoftDemoApplication - Starting MingyisoftDemoApplication on bogon with PID 16348 (started by alexyang in /Users/alexyang/yang's workspace/yang-demo/mingyisoft-demo)
2019-07-29 02:21:08.685 [main] INFO  com.mingyisoft.demo.MingyisoftDemoApplication - No active profile set, falling back to default profiles: default
2019-07-29 02:21:10.292 [main] INFO  o.s.boot.web.embedded.tomcat.TomcatWebServer - Tomcat initialized with port(s): 9999 (http)
2019-07-29 02:21:10.310 [main] INFO  org.apache.coyote.http11.Http11NioProtocol - Initializing ProtocolHandler ["http-nio-9999"]
2019-07-29 02:21:10.321 [main] INFO  org.apache.catalina.core.StandardService - Starting service [Tomcat]
2019-07-29 02:21:10.322 [main] INFO  org.apache.catalina.core.StandardEngine - Starting Servlet engine: [Apache Tomcat/9.0.21]
2019-07-29 02:21:10.428 [main] INFO  o.a.c.core.ContainerBase.[Tomcat].[localhost].[/] - Initializing Spring embedded WebApplicationContext
2019-07-29 02:21:10.428 [main] INFO  org.springframework.web.context.ContextLoader - Root WebApplicationContext: initialization completed in 1462 ms
2019-07-29 02:21:11.755 [main] INFO  com.alibaba.druid.pool.DruidDataSource - {dataSource-1} inited
2019-07-29 02:21:11.808 [main] INFO  com.alibaba.druid.pool.DruidDataSource - {dataSource-2} inited
2019-07-29 02:21:12.037 [main] INFO  o.s.scheduling.concurrent.ThreadPoolTaskExecutor - Initializing ExecutorService 'applicationTaskExecutor'
2019-07-29 02:21:12.310 [main] INFO  org.apache.coyote.http11.Http11NioProtocol - Starting ProtocolHandler ["http-nio-9999"]
2019-07-29 02:21:12.354 [main] INFO  o.s.boot.web.embedded.tomcat.TomcatWebServer - Tomcat started on port(s): 9999 (http) with context path ''
2019-07-29 02:21:12.358 [main] INFO  com.mingyisoft.demo.MingyisoftDemoApplication - Started MingyisoftDemoApplication in 4.35 seconds (JVM running for 5.027)
2019-07-29 02:21:26.150 [http-nio-9999-exec-2] INFO  o.a.c.core.ContainerBase.[Tomcat].[localhost].[/] - Initializing Spring DispatcherServlet 'dispatcherServlet'
2019-07-29 02:21:26.150 [http-nio-9999-exec-2] INFO  org.springframework.web.servlet.DispatcherServlet - Initializing Servlet 'dispatcherServlet'
2019-07-29 02:21:26.158 [http-nio-9999-exec-2] INFO  org.springframework.web.servlet.DispatcherServlet - Completed initialization in 8 ms
2019-07-29 04:42:56.932 [main] INFO  com.mingyisoft.demo.MingyisoftDemoApplication - Starting MingyisoftDemoApplication on bogon with PID 16569 (started by alexyang in /Users/alexyang/yang's workspace/yang-demo/mingyisoft-demo)
2019-07-29 04:42:56.989 [main] INFO  com.mingyisoft.demo.MingyisoftDemoApplication - No active profile set, falling back to default profiles: default
2019-07-29 04:42:58.963 [main] INFO  o.s.boot.web.embedded.tomcat.TomcatWebServer - Tomcat initialized with port(s): 9999 (http)
2019-07-29 04:42:58.985 [main] INFO  org.apache.coyote.http11.Http11NioProtocol - Initializing ProtocolHandler ["http-nio-9999"]
2019-07-29 04:42:58.997 [main] INFO  org.apache.catalina.core.StandardService - Starting service [Tomcat]
2019-07-29 04:42:58.997 [main] INFO  org.apache.catalina.core.StandardEngine - Starting Servlet engine: [Apache Tomcat/9.0.21]
2019-07-29 04:42:59.130 [main] INFO  o.a.c.core.ContainerBase.[Tomcat].[localhost].[/] - Initializing Spring embedded WebApplicationContext
2019-07-29 04:42:59.131 [main] INFO  org.springframework.web.context.ContextLoader - Root WebApplicationContext: initialization completed in 1816 ms
2019-07-29 04:42:59.522 [main] INFO  com.alibaba.druid.pool.DruidDataSource - {dataSource-1} inited
2019-07-29 04:43:00.056 [main] INFO  com.alibaba.druid.pool.DruidDataSource - {dataSource-2} inited
2019-07-29 04:43:00.715 [main] INFO  com.alibaba.druid.pool.DruidDataSource - {dataSource-2} closed
2019-07-29 04:43:00.717 [main] INFO  com.alibaba.druid.pool.DruidDataSource - {dataSource-1} closed
2019-07-29 04:43:00.721 [main] INFO  org.apache.catalina.core.StandardService - Stopping service [Tomcat]
2019-07-29 04:44:25.126 [main] INFO  com.mingyisoft.demo.MingyisoftDemoApplication - Starting MingyisoftDemoApplication on bogon with PID 16575 (started by alexyang in /Users/alexyang/yang's workspace/yang-demo/mingyisoft-demo)
2019-07-29 04:44:25.129 [main] INFO  com.mingyisoft.demo.MingyisoftDemoApplication - No active profile set, falling back to default profiles: default
2019-07-29 04:44:26.736 [main] INFO  o.s.boot.web.embedded.tomcat.TomcatWebServer - Tomcat initialized with port(s): 9999 (http)
2019-07-29 04:44:26.758 [main] INFO  org.apache.coyote.http11.Http11NioProtocol - Initializing ProtocolHandler ["http-nio-9999"]
2019-07-29 04:44:26.769 [main] INFO  org.apache.catalina.core.StandardService - Starting service [Tomcat]
2019-07-29 04:44:26.769 [main] INFO  org.apache.catalina.core.StandardEngine - Starting Servlet engine: [Apache Tomcat/9.0.21]
2019-07-29 04:44:26.876 [main] INFO  o.a.c.core.ContainerBase.[Tomcat].[localhost].[/] - Initializing Spring embedded WebApplicationContext
2019-07-29 04:44:26.876 [main] INFO  org.springframework.web.context.ContextLoader - Root WebApplicationContext: initialization completed in 1484 ms
2019-07-29 04:44:27.209 [main] INFO  com.alibaba.druid.pool.DruidDataSource - {dataSource-1} inited
2019-07-29 04:44:27.616 [main] INFO  com.alibaba.druid.pool.DruidDataSource - {dataSource-2} inited
2019-07-29 04:44:28.373 [main] INFO  o.s.scheduling.concurrent.ThreadPoolTaskExecutor - Initializing ExecutorService 'applicationTaskExecutor'
2019-07-29 04:44:28.648 [main] INFO  org.apache.coyote.http11.Http11NioProtocol - Starting ProtocolHandler ["http-nio-9999"]
2019-07-29 04:44:28.690 [main] INFO  o.s.boot.web.embedded.tomcat.TomcatWebServer - Tomcat started on port(s): 9999 (http) with context path ''
2019-07-29 04:44:28.694 [main] INFO  com.mingyisoft.demo.MingyisoftDemoApplication - Started MingyisoftDemoApplication in 4.228 seconds (JVM running for 4.794)
2019-07-29 04:44:32.392 [http-nio-9999-exec-1] INFO  o.a.c.core.ContainerBase.[Tomcat].[localhost].[/] - Initializing Spring DispatcherServlet 'dispatcherServlet'
2019-07-29 04:44:32.392 [http-nio-9999-exec-1] INFO  org.springframework.web.servlet.DispatcherServlet - Initializing Servlet 'dispatcherServlet'
2019-07-29 04:44:32.403 [http-nio-9999-exec-1] INFO  org.springframework.web.servlet.DispatcherServlet - Completed initialization in 11 ms
2019-07-29 04:45:22.874 [main] INFO  com.mingyisoft.demo.MingyisoftDemoApplication - Starting MingyisoftDemoApplication on bogon with PID 16576 (started by alexyang in /Users/alexyang/yang's workspace/yang-demo/mingyisoft-demo)
2019-07-29 04:45:22.878 [main] INFO  com.mingyisoft.demo.MingyisoftDemoApplication - No active profile set, falling back to default profiles: default
2019-07-29 04:45:24.505 [main] INFO  o.s.boot.web.embedded.tomcat.TomcatWebServer - Tomcat initialized with port(s): 9999 (http)
2019-07-29 04:45:24.522 [main] INFO  org.apache.coyote.http11.Http11NioProtocol - Initializing ProtocolHandler ["http-nio-9999"]
2019-07-29 04:45:24.534 [main] INFO  org.apache.catalina.core.StandardService - Starting service [Tomcat]
2019-07-29 04:45:24.534 [main] INFO  org.apache.catalina.core.StandardEngine - Starting Servlet engine: [Apache Tomcat/9.0.21]
2019-07-29 04:45:24.635 [main] INFO  o.a.c.core.ContainerBase.[Tomcat].[localhost].[/] - Initializing Spring embedded WebApplicationContext
2019-07-29 04:45:24.635 [main] INFO  org.springframework.web.context.ContextLoader - Root WebApplicationContext: initialization completed in 1458 ms
2019-07-29 04:45:24.965 [main] INFO  com.alibaba.druid.pool.DruidDataSource - {dataSource-1} inited
2019-07-29 04:45:25.416 [main] INFO  com.alibaba.druid.pool.DruidDataSource - {dataSource-2} inited
2019-07-29 04:45:26.213 [main] INFO  o.s.scheduling.concurrent.ThreadPoolTaskExecutor - Initializing ExecutorService 'applicationTaskExecutor'
2019-07-29 04:45:26.485 [main] INFO  org.apache.coyote.http11.Http11NioProtocol - Starting ProtocolHandler ["http-nio-9999"]
2019-07-29 04:45:26.527 [main] INFO  o.s.boot.web.embedded.tomcat.TomcatWebServer - Tomcat started on port(s): 9999 (http) with context path ''
2019-07-29 04:45:26.531 [main] INFO  com.mingyisoft.demo.MingyisoftDemoApplication - Started MingyisoftDemoApplication in 4.34 seconds (JVM running for 4.906)
2019-07-29 04:45:32.048 [http-nio-9999-exec-1] INFO  o.a.c.core.ContainerBase.[Tomcat].[localhost].[/] - Initializing Spring DispatcherServlet 'dispatcherServlet'
2019-07-29 04:45:32.049 [http-nio-9999-exec-1] INFO  org.springframework.web.servlet.DispatcherServlet - Initializing Servlet 'dispatcherServlet'
2019-07-29 04:45:32.079 [http-nio-9999-exec-1] INFO  org.springframework.web.servlet.DispatcherServlet - Completed initialization in 30 ms
2019-07-29 04:49:09.760 [main] INFO  com.mingyisoft.demo.MingyisoftDemoApplication - Starting MingyisoftDemoApplication on bogon with PID 16579 (started by alexyang in /Users/alexyang/yang's workspace/yang-demo/mingyisoft-demo)
2019-07-29 04:49:09.796 [main] INFO  com.mingyisoft.demo.MingyisoftDemoApplication - No active profile set, falling back to default profiles: default
2019-07-29 04:49:11.517 [main] INFO  o.s.boot.web.embedded.tomcat.TomcatWebServer - Tomcat initialized with port(s): 9999 (http)
2019-07-29 04:49:11.537 [main] INFO  org.apache.coyote.http11.Http11NioProtocol - Initializing ProtocolHandler ["http-nio-9999"]
2019-07-29 04:49:11.548 [main] INFO  org.apache.catalina.core.StandardService - Starting service [Tomcat]
2019-07-29 04:49:11.549 [main] INFO  org.apache.catalina.core.StandardEngine - Starting Servlet engine: [Apache Tomcat/9.0.21]
2019-07-29 04:49:11.653 [main] INFO  o.a.c.core.ContainerBase.[Tomcat].[localhost].[/] - Initializing Spring embedded WebApplicationContext
2019-07-29 04:49:11.653 [main] INFO  org.springframework.web.context.ContextLoader - Root WebApplicationContext: initialization completed in 1533 ms
2019-07-29 04:49:11.975 [main] INFO  com.alibaba.druid.pool.DruidDataSource - {dataSource-1} inited
2019-07-29 04:49:12.413 [main] INFO  com.alibaba.druid.pool.DruidDataSource - {dataSource-2} inited
2019-07-29 04:49:13.142 [main] INFO  o.s.scheduling.concurrent.ThreadPoolTaskExecutor - Initializing ExecutorService 'applicationTaskExecutor'
2019-07-29 04:49:13.399 [main] INFO  org.apache.coyote.http11.Http11NioProtocol - Starting ProtocolHandler ["http-nio-9999"]
2019-07-29 04:49:13.438 [main] INFO  o.s.boot.web.embedded.tomcat.TomcatWebServer - Tomcat started on port(s): 9999 (http) with context path ''
2019-07-29 04:49:13.441 [main] INFO  com.mingyisoft.demo.MingyisoftDemoApplication - Started MingyisoftDemoApplication in 4.364 seconds (JVM running for 4.949)
2019-07-29 04:49:17.119 [http-nio-9999-exec-1] INFO  o.a.c.core.ContainerBase.[Tomcat].[localhost].[/] - Initializing Spring DispatcherServlet 'dispatcherServlet'
2019-07-29 04:49:17.119 [http-nio-9999-exec-1] INFO  org.springframework.web.servlet.DispatcherServlet - Initializing Servlet 'dispatcherServlet'
2019-07-29 04:49:17.129 [http-nio-9999-exec-1] INFO  org.springframework.web.servlet.DispatcherServlet - Completed initialization in 10 ms
2019-07-29 06:05:34.450 [main] INFO  com.mingyisoft.demo.MingyisoftDemoApplication - Starting MingyisoftDemoApplication on bogon with PID 17416 (started by alexyang in /Users/alexyang/yang's workspace/yang-demo/mingyisoft-demo)
2019-07-29 06:05:34.453 [main] INFO  com.mingyisoft.demo.MingyisoftDemoApplication - No active profile set, falling back to default profiles: default
2019-07-29 06:05:36.461 [main] INFO  o.s.boot.web.embedded.tomcat.TomcatWebServer - Tomcat initialized with port(s): 9999 (http)
2019-07-29 06:05:36.482 [main] INFO  org.apache.coyote.http11.Http11NioProtocol - Initializing ProtocolHandler ["http-nio-9999"]
2019-07-29 06:05:36.494 [main] INFO  org.apache.catalina.core.StandardService - Starting service [Tomcat]
2019-07-29 06:05:36.494 [main] INFO  org.apache.catalina.core.StandardEngine - Starting Servlet engine: [Apache Tomcat/9.0.21]
2019-07-29 06:05:36.620 [main] INFO  o.a.c.core.ContainerBase.[Tomcat].[localhost].[/] - Initializing Spring embedded WebApplicationContext
2019-07-29 06:05:36.620 [main] INFO  org.springframework.web.context.ContextLoader - Root WebApplicationContext: initialization completed in 1841 ms
2019-07-29 06:05:36.991 [main] INFO  com.alibaba.druid.pool.DruidDataSource - {dataSource-1} inited
2019-07-29 06:05:37.425 [main] INFO  com.alibaba.druid.pool.DruidDataSource - {dataSource-2} inited
2019-07-29 06:05:38.169 [main] INFO  o.s.scheduling.concurrent.ThreadPoolTaskExecutor - Initializing ExecutorService 'applicationTaskExecutor'
2019-07-29 06:05:38.450 [main] INFO  org.apache.coyote.http11.Http11NioProtocol - Starting ProtocolHandler ["http-nio-9999"]
2019-07-29 06:05:38.492 [main] INFO  o.s.boot.web.embedded.tomcat.TomcatWebServer - Tomcat started on port(s): 9999 (http) with context path ''
2019-07-29 06:05:38.496 [main] INFO  com.mingyisoft.demo.MingyisoftDemoApplication - Started MingyisoftDemoApplication in 4.799 seconds (JVM running for 5.493)
2019-07-29 06:05:41.663 [http-nio-9999-exec-1] INFO  o.a.c.core.ContainerBase.[Tomcat].[localhost].[/] - Initializing Spring DispatcherServlet 'dispatcherServlet'
2019-07-29 06:05:41.663 [http-nio-9999-exec-1] INFO  org.springframework.web.servlet.DispatcherServlet - Initializing Servlet 'dispatcherServlet'
2019-07-29 06:05:41.672 [http-nio-9999-exec-1] INFO  org.springframework.web.servlet.DispatcherServlet - Completed initialization in 8 ms
2019-07-29 06:06:21.127 [main] INFO  com.mingyisoft.demo.MingyisoftDemoApplication - Starting MingyisoftDemoApplication on bogon with PID 17417 (started by alexyang in /Users/alexyang/yang's workspace/yang-demo/mingyisoft-demo)
2019-07-29 06:06:21.128 [main] INFO  com.mingyisoft.demo.MingyisoftDemoApplication - No active profile set, falling back to default profiles: default
2019-07-29 06:06:22.761 [main] INFO  o.s.boot.web.embedded.tomcat.TomcatWebServer - Tomcat initialized with port(s): 9999 (http)
2019-07-29 06:06:22.780 [main] INFO  org.apache.coyote.http11.Http11NioProtocol - Initializing ProtocolHandler ["http-nio-9999"]
2019-07-29 06:06:22.792 [main] INFO  org.apache.catalina.core.StandardService - Starting service [Tomcat]
2019-07-29 06:06:22.792 [main] INFO  org.apache.catalina.core.StandardEngine - Starting Servlet engine: [Apache Tomcat/9.0.21]
2019-07-29 06:06:22.900 [main] INFO  o.a.c.core.ContainerBase.[Tomcat].[localhost].[/] - Initializing Spring embedded WebApplicationContext
2019-07-29 06:06:22.901 [main] INFO  org.springframework.web.context.ContextLoader - Root WebApplicationContext: initialization completed in 1501 ms
2019-07-29 06:06:23.245 [main] INFO  com.alibaba.druid.pool.DruidDataSource - {dataSource-1} inited
2019-07-29 06:06:23.719 [main] INFO  com.alibaba.druid.pool.DruidDataSource - {dataSource-2} inited
2019-07-29 06:06:24.529 [main] INFO  o.s.scheduling.concurrent.ThreadPoolTaskExecutor - Initializing ExecutorService 'applicationTaskExecutor'
2019-07-29 06:06:24.807 [main] INFO  org.apache.coyote.http11.Http11NioProtocol - Starting ProtocolHandler ["http-nio-9999"]
2019-07-29 06:06:24.854 [main] INFO  o.s.boot.web.embedded.tomcat.TomcatWebServer - Tomcat started on port(s): 9999 (http) with context path ''
2019-07-29 06:06:24.858 [main] INFO  com.mingyisoft.demo.MingyisoftDemoApplication - Started MingyisoftDemoApplication in 4.394 seconds (JVM running for 4.998)
2019-07-29 06:06:26.745 [http-nio-9999-exec-1] INFO  o.a.c.core.ContainerBase.[Tomcat].[localhost].[/] - Initializing Spring DispatcherServlet 'dispatcherServlet'
2019-07-29 06:06:26.745 [http-nio-9999-exec-1] INFO  org.springframework.web.servlet.DispatcherServlet - Initializing Servlet 'dispatcherServlet'
2019-07-29 06:06:26.754 [http-nio-9999-exec-1] INFO  org.springframework.web.servlet.DispatcherServlet - Completed initialization in 9 ms
2019-07-29 08:43:57.119 [main] INFO  com.mingyisoft.demo.MingyisoftDemoApplication - Starting MingyisoftDemoApplication on bogon with PID 17966 (started by alexyang in /Users/alexyang/yang's workspace/yang-demo/mingyisoft-demo)
2019-07-29 08:43:57.124 [main] INFO  com.mingyisoft.demo.MingyisoftDemoApplication - No active profile set, falling back to default profiles: default
2019-07-29 08:43:59.196 [main] INFO  o.s.boot.web.embedded.tomcat.TomcatWebServer - Tomcat initialized with port(s): 9999 (http)
2019-07-29 08:43:59.220 [main] INFO  org.apache.coyote.http11.Http11NioProtocol - Initializing ProtocolHandler ["http-nio-9999"]
2019-07-29 08:43:59.231 [main] INFO  org.apache.catalina.core.StandardService - Starting service [Tomcat]
2019-07-29 08:43:59.231 [main] INFO  org.apache.catalina.core.StandardEngine - Starting Servlet engine: [Apache Tomcat/9.0.21]
2019-07-29 08:43:59.368 [main] INFO  o.a.c.core.ContainerBase.[Tomcat].[localhost].[/] - Initializing Spring embedded WebApplicationContext
2019-07-29 08:43:59.368 [main] INFO  org.springframework.web.context.ContextLoader - Root WebApplicationContext: initialization completed in 1891 ms
2019-07-29 08:43:59.791 [main] INFO  com.alibaba.druid.pool.DruidDataSource - {dataSource-1} inited
2019-07-29 08:44:00.262 [main] INFO  com.alibaba.druid.pool.DruidDataSource - {dataSource-2} inited
2019-07-29 08:44:00.715 [main] INFO  com.alibaba.druid.pool.DruidDataSource - {dataSource-3} inited
2019-07-29 08:44:01.078 [main] INFO  o.s.scheduling.concurrent.ThreadPoolTaskExecutor - Initializing ExecutorService 'applicationTaskExecutor'
2019-07-29 08:44:01.377 [main] INFO  org.apache.coyote.http11.Http11NioProtocol - Starting ProtocolHandler ["http-nio-9999"]
2019-07-29 08:44:01.425 [main] INFO  o.s.boot.web.embedded.tomcat.TomcatWebServer - Tomcat started on port(s): 9999 (http) with context path ''
2019-07-29 08:44:01.429 [main] INFO  com.mingyisoft.demo.MingyisoftDemoApplication - Started MingyisoftDemoApplication in 5.224 seconds (JVM running for 6.139)
2019-07-29 08:44:22.834 [http-nio-9999-exec-1] INFO  o.a.c.core.ContainerBase.[Tomcat].[localhost].[/] - Initializing Spring DispatcherServlet 'dispatcherServlet'
2019-07-29 08:44:22.834 [http-nio-9999-exec-1] INFO  org.springframework.web.servlet.DispatcherServlet - Initializing Servlet 'dispatcherServlet'
2019-07-29 08:44:22.844 [http-nio-9999-exec-1] INFO  org.springframework.web.servlet.DispatcherServlet - Completed initialization in 10 ms
2019-07-29 08:45:50.516 [main] INFO  com.mingyisoft.demo.MingyisoftDemoApplication - Starting MingyisoftDemoApplication on bogon with PID 17969 (started by alexyang in /Users/alexyang/yang's workspace/yang-demo/mingyisoft-demo)
2019-07-29 08:45:50.521 [main] INFO  com.mingyisoft.demo.MingyisoftDemoApplication - No active profile set, falling back to default profiles: default
2019-07-29 08:45:52.261 [main] INFO  o.s.boot.web.embedded.tomcat.TomcatWebServer - Tomcat initialized with port(s): 9999 (http)
2019-07-29 08:45:52.281 [main] INFO  org.apache.coyote.http11.Http11NioProtocol - Initializing ProtocolHandler ["http-nio-9999"]
2019-07-29 08:45:52.295 [main] INFO  org.apache.catalina.core.StandardService - Starting service [Tomcat]
2019-07-29 08:45:52.295 [main] INFO  org.apache.catalina.core.StandardEngine - Starting Servlet engine: [Apache Tomcat/9.0.21]
2019-07-29 08:45:52.411 [main] INFO  o.a.c.core.ContainerBase.[Tomcat].[localhost].[/] - Initializing Spring embedded WebApplicationContext
2019-07-29 08:45:52.412 [main] INFO  org.springframework.web.context.ContextLoader - Root WebApplicationContext: initialization completed in 1587 ms
2019-07-29 08:45:52.787 [main] INFO  com.alibaba.druid.pool.DruidDataSource - {dataSource-1} inited
2019-07-29 08:45:53.297 [main] INFO  com.alibaba.druid.pool.DruidDataSource - {dataSource-2} inited
2019-07-29 08:45:53.721 [main] INFO  com.alibaba.druid.pool.DruidDataSource - {dataSource-3} inited
2019-07-29 08:45:54.102 [main] INFO  o.s.scheduling.concurrent.ThreadPoolTaskExecutor - Initializing ExecutorService 'applicationTaskExecutor'
2019-07-29 08:45:54.432 [main] INFO  org.apache.coyote.http11.Http11NioProtocol - Starting ProtocolHandler ["http-nio-9999"]
2019-07-29 08:45:54.480 [main] INFO  o.s.boot.web.embedded.tomcat.TomcatWebServer - Tomcat started on port(s): 9999 (http) with context path ''
2019-07-29 08:45:54.484 [main] INFO  com.mingyisoft.demo.MingyisoftDemoApplication - Started MingyisoftDemoApplication in 4.775 seconds (JVM running for 5.4)
2019-07-29 08:46:02.000 [http-nio-9999-exec-1] INFO  o.a.c.core.ContainerBase.[Tomcat].[localhost].[/] - Initializing Spring DispatcherServlet 'dispatcherServlet'
2019-07-29 08:46:02.001 [http-nio-9999-exec-1] INFO  org.springframework.web.servlet.DispatcherServlet - Initializing Servlet 'dispatcherServlet'
2019-07-29 08:46:02.009 [http-nio-9999-exec-1] INFO  org.springframework.web.servlet.DispatcherServlet - Completed initialization in 8 ms
2019-07-29 11:41:50.778 [main] INFO  com.mingyisoft.demo.MingyisoftDemoApplication - Starting MingyisoftDemoApplication on bogon with PID 18543 (started by alexyang in /Users/alexyang/yang's workspace/yang-demo/mingyisoft-demo)
2019-07-29 11:41:50.780 [main] INFO  com.mingyisoft.demo.MingyisoftDemoApplication - No active profile set, falling back to default profiles: default
2019-07-29 11:41:52.295 [main] INFO  o.s.d.r.config.RepositoryConfigurationDelegate - Multiple Spring Data modules found, entering strict repository configuration mode!
2019-07-29 11:41:52.300 [main] INFO  o.s.d.r.config.RepositoryConfigurationDelegate - Bootstrapping Spring Data repositories in DEFAULT mode.
2019-07-29 11:41:52.350 [main] INFO  o.s.d.r.config.RepositoryConfigurationDelegate - Finished Spring Data repository scanning in 12ms. Found 0 repository interfaces.
2019-07-29 11:41:52.908 [main] INFO  o.s.c.s.PostProcessorRegistrationDelegate$BeanPostProcessorChecker - Bean 'org.springframework.transaction.annotation.ProxyTransactionManagementConfiguration' of type [org.springframework.transaction.annotation.ProxyTransactionManagementConfiguration$$EnhancerBySpringCGLIB$$7220f0aa] is not eligible for getting processed by all BeanPostProcessors (for example: not eligible for auto-proxying)
2019-07-29 11:41:53.364 [main] INFO  o.s.boot.web.embedded.tomcat.TomcatWebServer - Tomcat initialized with port(s): 9999 (http)
2019-07-29 11:41:53.389 [main] INFO  org.apache.coyote.http11.Http11NioProtocol - Initializing ProtocolHandler ["http-nio-9999"]
2019-07-29 11:41:53.400 [main] INFO  org.apache.catalina.core.StandardService - Starting service [Tomcat]
2019-07-29 11:41:53.400 [main] INFO  org.apache.catalina.core.StandardEngine - Starting Servlet engine: [Apache Tomcat/9.0.21]
2019-07-29 11:41:53.542 [main] INFO  o.a.c.core.ContainerBase.[Tomcat].[localhost].[/] - Initializing Spring embedded WebApplicationContext
2019-07-29 11:41:53.542 [main] INFO  org.springframework.web.context.ContextLoader - Root WebApplicationContext: initialization completed in 2239 ms
2019-07-29 11:41:54.024 [main] INFO  com.alibaba.druid.pool.DruidDataSource - {dataSource-1} inited
2019-07-29 11:41:54.600 [main] INFO  com.alibaba.druid.pool.DruidDataSource - {dataSource-2} inited
2019-07-29 11:41:55.532 [main] INFO  com.alibaba.druid.pool.DruidDataSource - {dataSource-3} inited
2019-07-29 11:41:56.136 [main] INFO  o.s.scheduling.concurrent.ThreadPoolTaskExecutor - Initializing ExecutorService 'applicationTaskExecutor'
2019-07-29 11:41:57.041 [container-1] INFO  io.lettuce.core.EpollProvider - Starting without optional epoll library
2019-07-29 11:41:57.043 [container-1] INFO  io.lettuce.core.KqueueProvider - Starting without optional kqueue library
2019-07-29 11:41:57.418 [main] INFO  org.apache.coyote.http11.Http11NioProtocol - Starting ProtocolHandler ["http-nio-9999"]
2019-07-29 11:41:57.444 [main] INFO  o.s.boot.web.embedded.tomcat.TomcatWebServer - Tomcat started on port(s): 9999 (http) with context path ''
2019-07-29 11:41:57.448 [main] INFO  com.mingyisoft.demo.MingyisoftDemoApplication - Started MingyisoftDemoApplication in 7.544 seconds (JVM running for 8.381)
2019-07-29 11:43:37.412 [http-nio-9999-exec-1] INFO  o.a.c.core.ContainerBase.[Tomcat].[localhost].[/] - Initializing Spring DispatcherServlet 'dispatcherServlet'
2019-07-29 11:43:37.414 [http-nio-9999-exec-1] INFO  org.springframework.web.servlet.DispatcherServlet - Initializing Servlet 'dispatcherServlet'
2019-07-29 11:43:37.448 [http-nio-9999-exec-1] INFO  org.springframework.web.servlet.DispatcherServlet - Completed initialization in 33 ms
2019-07-29 14:50:36.041 [main] INFO  com.mingyisoft.demo.MingyisoftDemoApplication - Starting MingyisoftDemoApplication on alexdeMacBook-Pro.local with PID 19166 (started by alexyang in /Users/alexyang/yang's workspace/yang-demo/mingyisoft-demo)
2019-07-29 14:50:36.042 [main] INFO  com.mingyisoft.demo.MingyisoftDemoApplication - No active profile set, falling back to default profiles: default
2019-07-29 14:50:37.012 [main] INFO  o.s.d.r.config.RepositoryConfigurationDelegate - Multiple Spring Data modules found, entering strict repository configuration mode!
2019-07-29 14:50:37.015 [main] INFO  o.s.d.r.config.RepositoryConfigurationDelegate - Bootstrapping Spring Data repositories in DEFAULT mode.
2019-07-29 14:50:37.050 [main] INFO  o.s.d.r.config.RepositoryConfigurationDelegate - Finished Spring Data repository scanning in 9ms. Found 0 repository interfaces.
2019-07-29 14:50:37.394 [main] INFO  o.s.c.s.PostProcessorRegistrationDelegate$BeanPostProcessorChecker - Bean 'org.springframework.transaction.annotation.ProxyTransactionManagementConfiguration' of type [org.springframework.transaction.annotation.ProxyTransactionManagementConfiguration$$EnhancerBySpringCGLIB$$b59ce9a7] is not eligible for getting processed by all BeanPostProcessors (for example: not eligible for auto-proxying)
2019-07-29 14:50:37.781 [main] INFO  o.s.boot.web.embedded.tomcat.TomcatWebServer - Tomcat initialized with port(s): 9999 (http)
2019-07-29 14:50:37.796 [main] INFO  org.apache.coyote.http11.Http11NioProtocol - Initializing ProtocolHandler ["http-nio-9999"]
2019-07-29 14:50:37.806 [main] INFO  org.apache.catalina.core.StandardService - Starting service [Tomcat]
2019-07-29 14:50:37.807 [main] INFO  org.apache.catalina.core.StandardEngine - Starting Servlet engine: [Apache Tomcat/9.0.21]
2019-07-29 14:50:37.903 [main] INFO  o.a.c.core.ContainerBase.[Tomcat].[localhost].[/] - Initializing Spring embedded WebApplicationContext
2019-07-29 14:50:37.903 [main] INFO  org.springframework.web.context.ContextLoader - Root WebApplicationContext: initialization completed in 1562 ms
2019-07-29 14:50:38.228 [main] INFO  com.alibaba.druid.pool.DruidDataSource - {dataSource-1} inited
2019-07-29 14:50:38.621 [main] INFO  com.alibaba.druid.pool.DruidDataSource - {dataSource-2} inited
2019-07-29 14:50:39.387 [main] INFO  com.alibaba.druid.pool.DruidDataSource - {dataSource-3} inited
2019-07-29 14:50:39.785 [main] INFO  o.s.scheduling.concurrent.ThreadPoolTaskExecutor - Initializing ExecutorService 'applicationTaskExecutor'
2019-07-29 14:50:40.299 [container-1] INFO  io.lettuce.core.EpollProvider - Starting without optional epoll library
2019-07-29 14:50:40.301 [container-1] INFO  io.lettuce.core.KqueueProvider - Starting without optional kqueue library
2019-07-29 14:50:40.676 [main] INFO  org.apache.coyote.http11.Http11NioProtocol - Starting ProtocolHandler ["http-nio-9999"]
2019-07-29 14:50:40.691 [main] INFO  o.s.boot.web.embedded.tomcat.TomcatWebServer - Tomcat started on port(s): 9999 (http) with context path ''
2019-07-29 14:50:40.694 [main] INFO  com.mingyisoft.demo.MingyisoftDemoApplication - Started MingyisoftDemoApplication in 5.191 seconds (JVM running for 5.583)
2019-07-29 14:50:56.745 [http-nio-9999-exec-1] INFO  o.a.c.core.ContainerBase.[Tomcat].[localhost].[/] - Initializing Spring DispatcherServlet 'dispatcherServlet'
2019-07-29 14:50:56.746 [http-nio-9999-exec-1] INFO  org.springframework.web.servlet.DispatcherServlet - Initializing Servlet 'dispatcherServlet'
2019-07-29 14:50:56.760 [http-nio-9999-exec-1] INFO  org.springframework.web.servlet.DispatcherServlet - Completed initialization in 14 ms
2019-07-29 15:35:15.745 [Thread-3] INFO  o.s.scheduling.concurrent.ThreadPoolTaskExecutor - Shutting down ExecutorService 'applicationTaskExecutor'
2019-07-29 15:35:15.756 [Thread-3] INFO  com.alibaba.druid.pool.DruidDataSource - {dataSource-3} closed
2019-07-29 15:35:16.900 [Thread-3] INFO  com.alibaba.druid.pool.DruidDataSource - {dataSource-2} closed
2019-07-29 15:35:16.901 [Thread-3] INFO  com.alibaba.druid.pool.DruidDataSource - {dataSource-1} closed
2019-07-29 15:35:22.925 [main] INFO  com.mingyisoft.demo.MingyisoftDemoApplication - Starting MingyisoftDemoApplication on alexdeMacBook-Pro.local with PID 19355 (started by alexyang in /Users/alexyang/yang's workspace/yang-demo/mingyisoft-demo)
2019-07-29 15:35:22.927 [main] INFO  com.mingyisoft.demo.MingyisoftDemoApplication - No active profile set, falling back to default profiles: default
2019-07-29 15:35:29.262 [main] INFO  o.s.d.r.config.RepositoryConfigurationDelegate - Multiple Spring Data modules found, entering strict repository configuration mode!
2019-07-29 15:35:29.266 [main] INFO  o.s.d.r.config.RepositoryConfigurationDelegate - Bootstrapping Spring Data repositories in DEFAULT mode.
2019-07-29 15:35:29.306 [main] INFO  o.s.d.r.config.RepositoryConfigurationDelegate - Finished Spring Data repository scanning in 10ms. Found 0 repository interfaces.
2019-07-29 15:35:29.835 [main] INFO  o.s.c.s.PostProcessorRegistrationDelegate$BeanPostProcessorChecker - Bean 'org.springframework.transaction.annotation.ProxyTransactionManagementConfiguration' of type [org.springframework.transaction.annotation.ProxyTransactionManagementConfiguration$$EnhancerBySpringCGLIB$$b6743fd4] is not eligible for getting processed by all BeanPostProcessors (for example: not eligible for auto-proxying)
2019-07-29 15:35:30.235 [main] INFO  o.s.boot.web.embedded.tomcat.TomcatWebServer - Tomcat initialized with port(s): 9999 (http)
2019-07-29 15:35:30.254 [main] INFO  org.apache.coyote.http11.Http11NioProtocol - Initializing ProtocolHandler ["http-nio-9999"]
2019-07-29 15:35:30.266 [main] INFO  org.apache.catalina.core.StandardService - Starting service [Tomcat]
2019-07-29 15:35:30.267 [main] INFO  org.apache.catalina.core.StandardEngine - Starting Servlet engine: [Apache Tomcat/9.0.21]
2019-07-29 15:35:30.376 [main] INFO  o.a.c.core.ContainerBase.[Tomcat].[localhost].[/] - Initializing Spring embedded WebApplicationContext
2019-07-29 15:35:30.376 [main] INFO  org.springframework.web.context.ContextLoader - Root WebApplicationContext: initialization completed in 7131 ms
2019-07-29 15:35:31.321 [main] INFO  com.alibaba.druid.pool.DruidDataSource - {dataSource-1} inited
2019-07-29 15:35:31.829 [main] INFO  com.alibaba.druid.pool.DruidDataSource - {dataSource-2} inited
2019-07-29 15:35:32.662 [main] INFO  com.alibaba.druid.pool.DruidDataSource - {dataSource-3} inited
2019-07-29 15:35:33.213 [main] INFO  o.s.scheduling.concurrent.ThreadPoolTaskExecutor - Initializing ExecutorService 'applicationTaskExecutor'
2019-07-29 15:35:33.940 [container-1] INFO  io.lettuce.core.EpollProvider - Starting without optional epoll library
2019-07-29 15:35:33.941 [container-1] INFO  io.lettuce.core.KqueueProvider - Starting without optional kqueue library
2019-07-29 15:35:34.226 [main] INFO  org.apache.coyote.http11.Http11NioProtocol - Starting ProtocolHandler ["http-nio-9999"]
2019-07-29 15:35:34.250 [main] INFO  o.s.boot.web.embedded.tomcat.TomcatWebServer - Tomcat started on port(s): 9999 (http) with context path ''
2019-07-29 15:35:34.254 [main] INFO  com.mingyisoft.demo.MingyisoftDemoApplication - Started MingyisoftDemoApplication in 12.262 seconds (JVM running for 13.082)
2019-07-29 15:35:37.695 [http-nio-9999-exec-1] INFO  o.a.c.core.ContainerBase.[Tomcat].[localhost].[/] - Initializing Spring DispatcherServlet 'dispatcherServlet'
2019-07-29 15:35:37.695 [http-nio-9999-exec-1] INFO  org.springframework.web.servlet.DispatcherServlet - Initializing Servlet 'dispatcherServlet'
2019-07-29 15:35:37.705 [http-nio-9999-exec-1] INFO  org.springframework.web.servlet.DispatcherServlet - Completed initialization in 10 ms
2019-07-29 15:42:26.077 [main] INFO  com.mingyisoft.demo.MingyisoftDemoApplication - Starting MingyisoftDemoApplication on alexdeMacBook-Pro.local with PID 19375 (started by alexyang in /Users/alexyang/yang's workspace/yang-demo/mingyisoft-demo)
2019-07-29 15:42:26.079 [main] INFO  com.mingyisoft.demo.MingyisoftDemoApplication - No active profile set, falling back to default profiles: default
2019-07-29 15:42:33.305 [main] INFO  o.s.d.r.config.RepositoryConfigurationDelegate - Multiple Spring Data modules found, entering strict repository configuration mode!
2019-07-29 15:42:33.311 [main] INFO  o.s.d.r.config.RepositoryConfigurationDelegate - Bootstrapping Spring Data repositories in DEFAULT mode.
2019-07-29 15:42:33.370 [main] INFO  o.s.d.r.config.RepositoryConfigurationDelegate - Finished Spring Data repository scanning in 13ms. Found 0 repository interfaces.
2019-07-29 15:42:33.922 [main] INFO  o.s.c.s.PostProcessorRegistrationDelegate$BeanPostProcessorChecker - Bean 'org.springframework.transaction.annotation.ProxyTransactionManagementConfiguration' of type [org.springframework.transaction.annotation.ProxyTransactionManagementConfiguration$$EnhancerBySpringCGLIB$$b45709b2] is not eligible for getting processed by all BeanPostProcessors (for example: not eligible for auto-proxying)
2019-07-29 15:42:34.334 [main] INFO  o.s.boot.web.embedded.tomcat.TomcatWebServer - Tomcat initialized with port(s): 9999 (http)
2019-07-29 15:42:34.355 [main] INFO  org.apache.coyote.http11.Http11NioProtocol - Initializing ProtocolHandler ["http-nio-9999"]
2019-07-29 15:42:34.366 [main] INFO  org.apache.catalina.core.StandardService - Starting service [Tomcat]
2019-07-29 15:42:34.366 [main] INFO  org.apache.catalina.core.StandardEngine - Starting Servlet engine: [Apache Tomcat/9.0.21]
2019-07-29 15:42:34.494 [main] INFO  o.a.c.core.ContainerBase.[Tomcat].[localhost].[/] - Initializing Spring embedded WebApplicationContext
2019-07-29 15:42:34.494 [main] INFO  org.springframework.web.context.ContextLoader - Root WebApplicationContext: initialization completed in 8096 ms
2019-07-29 15:42:47.448 [main] INFO  com.alibaba.druid.pool.DruidDataSource - {dataSource-1} inited
2019-07-29 15:42:47.980 [main] INFO  com.alibaba.druid.pool.DruidDataSource - {dataSource-2} inited
2019-07-29 15:42:48.837 [main] INFO  com.alibaba.druid.pool.DruidDataSource - {dataSource-3} inited
2019-07-29 15:42:49.350 [main] INFO  o.s.scheduling.concurrent.ThreadPoolTaskExecutor - Initializing ExecutorService 'applicationTaskExecutor'
2019-07-29 15:42:50.120 [container-1] INFO  io.lettuce.core.EpollProvider - Starting without optional epoll library
2019-07-29 15:42:50.122 [container-1] INFO  io.lettuce.core.KqueueProvider - Starting without optional kqueue library
2019-07-29 15:42:50.411 [main] INFO  org.apache.coyote.http11.Http11NioProtocol - Starting ProtocolHandler ["http-nio-9999"]
2019-07-29 15:42:50.434 [main] INFO  o.s.boot.web.embedded.tomcat.TomcatWebServer - Tomcat started on port(s): 9999 (http) with context path ''
2019-07-29 15:42:50.439 [main] INFO  com.mingyisoft.demo.MingyisoftDemoApplication - Started MingyisoftDemoApplication in 25.193 seconds (JVM running for 26.003)
2019-07-29 15:43:19.263 [http-nio-9999-exec-1] INFO  o.a.c.core.ContainerBase.[Tomcat].[localhost].[/] - Initializing Spring DispatcherServlet 'dispatcherServlet'
2019-07-29 15:43:19.264 [http-nio-9999-exec-1] INFO  org.springframework.web.servlet.DispatcherServlet - Initializing Servlet 'dispatcherServlet'
2019-07-29 15:43:19.278 [http-nio-9999-exec-1] INFO  org.springframework.web.servlet.DispatcherServlet - Completed initialization in 14 ms
2019-07-29 15:50:57.256 [main] INFO  com.mingyisoft.demo.MingyisoftDemoApplication - Starting MingyisoftDemoApplication on bogon with PID 19422 (started by alexyang in /Users/alexyang/yang's workspace/yang-demo/mingyisoft-demo)
2019-07-29 15:50:57.260 [main] INFO  com.mingyisoft.demo.MingyisoftDemoApplication - No active profile set, falling back to default profiles: default
2019-07-29 15:51:42.673 [main] INFO  o.s.d.r.config.RepositoryConfigurationDelegate - Multiple Spring Data modules found, entering strict repository configuration mode!
2019-07-29 15:51:42.677 [main] INFO  o.s.d.r.config.RepositoryConfigurationDelegate - Bootstrapping Spring Data repositories in DEFAULT mode.
2019-07-29 15:51:42.711 [main] INFO  o.s.d.r.config.RepositoryConfigurationDelegate - Finished Spring Data repository scanning in 8ms. Found 0 repository interfaces.
2019-07-29 15:51:43.202 [main] INFO  o.s.c.s.PostProcessorRegistrationDelegate$BeanPostProcessorChecker - Bean 'org.springframework.transaction.annotation.ProxyTransactionManagementConfiguration' of type [org.springframework.transaction.annotation.ProxyTransactionManagementConfiguration$$EnhancerBySpringCGLIB$$807eb66b] is not eligible for getting processed by all BeanPostProcessors (for example: not eligible for auto-proxying)
2019-07-29 15:51:43.584 [main] INFO  o.s.boot.web.embedded.tomcat.TomcatWebServer - Tomcat initialized with port(s): 9999 (http)
2019-07-29 15:51:43.606 [main] INFO  org.apache.coyote.http11.Http11NioProtocol - Initializing ProtocolHandler ["http-nio-9999"]
2019-07-29 15:51:43.617 [main] INFO  org.apache.catalina.core.StandardService - Starting service [Tomcat]
2019-07-29 15:51:43.617 [main] INFO  org.apache.catalina.core.StandardEngine - Starting Servlet engine: [Apache Tomcat/9.0.21]
2019-07-29 15:51:43.732 [main] INFO  o.a.c.core.ContainerBase.[Tomcat].[localhost].[/] - Initializing Spring embedded WebApplicationContext
2019-07-29 15:51:43.733 [main] INFO  org.springframework.web.context.ContextLoader - Root WebApplicationContext: initialization completed in 46142 ms
2019-07-29 15:51:46.762 [main] INFO  com.alibaba.druid.pool.DruidDataSource - {dataSource-1} inited
2019-07-29 15:51:47.251 [main] INFO  com.alibaba.druid.pool.DruidDataSource - {dataSource-2} inited
2019-07-29 15:51:47.975 [main] INFO  com.alibaba.druid.pool.DruidDataSource - {dataSource-3} inited
2019-07-29 15:51:48.483 [main] INFO  o.s.scheduling.concurrent.ThreadPoolTaskExecutor - Initializing ExecutorService 'applicationTaskExecutor'
2019-07-29 15:51:49.244 [container-1] INFO  io.lettuce.core.EpollProvider - Starting without optional epoll library
2019-07-29 15:51:49.246 [container-1] INFO  io.lettuce.core.KqueueProvider - Starting without optional kqueue library
2019-07-29 15:51:49.547 [main] INFO  org.apache.coyote.http11.Http11NioProtocol - Starting ProtocolHandler ["http-nio-9999"]
2019-07-29 15:51:49.567 [main] INFO  o.s.boot.web.embedded.tomcat.TomcatWebServer - Tomcat started on port(s): 9999 (http) with context path ''
2019-07-29 15:51:49.571 [main] INFO  com.mingyisoft.demo.MingyisoftDemoApplication - Started MingyisoftDemoApplication in 53.331 seconds (JVM running for 54.148)
2019-07-29 15:51:58.663 [http-nio-9999-exec-1] INFO  o.a.c.core.ContainerBase.[Tomcat].[localhost].[/] - Initializing Spring DispatcherServlet 'dispatcherServlet'
2019-07-29 15:51:58.663 [http-nio-9999-exec-1] INFO  org.springframework.web.servlet.DispatcherServlet - Initializing Servlet 'dispatcherServlet'
2019-07-29 15:51:58.674 [http-nio-9999-exec-1] INFO  org.springframework.web.servlet.DispatcherServlet - Completed initialization in 11 ms
2019-07-29 15:56:22.998 [main] INFO  com.mingyisoft.demo.MingyisoftDemoApplication - Starting MingyisoftDemoApplication on bogon with PID 19433 (started by alexyang in /Users/alexyang/yang's workspace/yang-demo/mingyisoft-demo)
2019-07-29 15:56:23.037 [main] INFO  com.mingyisoft.demo.MingyisoftDemoApplication - No active profile set, falling back to default profiles: default
2019-07-29 15:56:41.255 [main] INFO  o.s.d.r.config.RepositoryConfigurationDelegate - Multiple Spring Data modules found, entering strict repository configuration mode!
2019-07-29 15:56:41.260 [main] INFO  o.s.d.r.config.RepositoryConfigurationDelegate - Bootstrapping Spring Data repositories in DEFAULT mode.
2019-07-29 15:56:41.310 [main] INFO  o.s.d.r.config.RepositoryConfigurationDelegate - Finished Spring Data repository scanning in 12ms. Found 0 repository interfaces.
2019-07-29 15:56:41.809 [main] INFO  o.s.c.s.PostProcessorRegistrationDelegate$BeanPostProcessorChecker - Bean 'org.springframework.transaction.annotation.ProxyTransactionManagementConfiguration' of type [org.springframework.transaction.annotation.ProxyTransactionManagementConfiguration$$EnhancerBySpringCGLIB$$c441fc1c] is not eligible for getting processed by all BeanPostProcessors (for example: not eligible for auto-proxying)
2019-07-29 15:56:42.221 [main] INFO  o.s.boot.web.embedded.tomcat.TomcatWebServer - Tomcat initialized with port(s): 9999 (http)
2019-07-29 15:56:42.245 [main] INFO  org.apache.coyote.http11.Http11NioProtocol - Initializing ProtocolHandler ["http-nio-9999"]
2019-07-29 15:56:42.255 [main] INFO  org.apache.catalina.core.StandardService - Starting service [Tomcat]
2019-07-29 15:56:42.256 [main] INFO  org.apache.catalina.core.StandardEngine - Starting Servlet engine: [Apache Tomcat/9.0.21]
2019-07-29 15:56:42.375 [main] INFO  o.a.c.core.ContainerBase.[Tomcat].[localhost].[/] - Initializing Spring embedded WebApplicationContext
2019-07-29 15:56:42.375 [main] INFO  org.springframework.web.context.ContextLoader - Root WebApplicationContext: initialization completed in 18907 ms
2019-07-29 15:56:45.918 [main] INFO  com.alibaba.druid.pool.DruidDataSource - {dataSource-1} inited
2019-07-29 15:56:46.365 [main] INFO  com.alibaba.druid.pool.DruidDataSource - {dataSource-2} inited
2019-07-29 15:56:47.219 [main] INFO  com.alibaba.druid.pool.DruidDataSource - {dataSource-3} inited
2019-07-29 15:56:47.758 [main] INFO  o.s.scheduling.concurrent.ThreadPoolTaskExecutor - Initializing ExecutorService 'applicationTaskExecutor'
2019-07-29 15:56:48.207 [main] INFO  org.apache.coyote.http11.Http11NioProtocol - Starting ProtocolHandler ["http-nio-9999"]
2019-07-29 15:56:48.254 [main] INFO  o.s.boot.web.embedded.tomcat.TomcatWebServer - Tomcat started on port(s): 9999 (http) with context path ''
2019-07-29 15:56:48.259 [main] INFO  com.mingyisoft.demo.MingyisoftDemoApplication - Started MingyisoftDemoApplication in 26.099 seconds (JVM running for 26.937)
2019-07-29 16:02:20.362 [http-nio-9999-exec-1] INFO  o.a.c.core.ContainerBase.[Tomcat].[localhost].[/] - Initializing Spring DispatcherServlet 'dispatcherServlet'
2019-07-29 16:02:20.362 [http-nio-9999-exec-1] INFO  org.springframework.web.servlet.DispatcherServlet - Initializing Servlet 'dispatcherServlet'
2019-07-29 16:02:20.375 [http-nio-9999-exec-1] INFO  org.springframework.web.servlet.DispatcherServlet - Completed initialization in 13 ms
2019-07-29 16:02:20.604 [http-nio-9999-exec-1] INFO  io.lettuce.core.EpollProvider - Starting without optional epoll library
2019-07-29 16:02:20.605 [http-nio-9999-exec-1] INFO  io.lettuce.core.KqueueProvider - Starting without optional kqueue library
2019-07-29 16:03:01.804 [main] INFO  com.mingyisoft.demo.MingyisoftDemoApplication - Starting MingyisoftDemoApplication on bogon with PID 19448 (started by alexyang in /Users/alexyang/yang's workspace/yang-demo/mingyisoft-demo)
2019-07-29 16:03:01.806 [main] INFO  com.mingyisoft.demo.MingyisoftDemoApplication - No active profile set, falling back to default profiles: default
2019-07-29 16:03:07.293 [main] INFO  o.s.d.r.config.RepositoryConfigurationDelegate - Multiple Spring Data modules found, entering strict repository configuration mode!
2019-07-29 16:03:07.296 [main] INFO  o.s.d.r.config.RepositoryConfigurationDelegate - Bootstrapping Spring Data repositories in DEFAULT mode.
2019-07-29 16:03:07.333 [main] INFO  o.s.d.r.config.RepositoryConfigurationDelegate - Finished Spring Data repository scanning in 9ms. Found 0 repository interfaces.
2019-07-29 16:03:07.717 [main] INFO  o.s.c.s.PostProcessorRegistrationDelegate$BeanPostProcessorChecker - Bean 'org.springframework.transaction.annotation.ProxyTransactionManagementConfiguration' of type [org.springframework.transaction.annotation.ProxyTransactionManagementConfiguration$$EnhancerBySpringCGLIB$$39a0ad68] is not eligible for getting processed by all BeanPostProcessors (for example: not eligible for auto-proxying)
2019-07-29 16:03:08.180 [main] INFO  o.s.boot.web.embedded.tomcat.TomcatWebServer - Tomcat initialized with port(s): 9999 (http)
2019-07-29 16:03:08.205 [main] INFO  org.apache.coyote.http11.Http11NioProtocol - Initializing ProtocolHandler ["http-nio-9999"]
2019-07-29 16:03:08.219 [main] INFO  org.apache.catalina.core.StandardService - Starting service [Tomcat]
2019-07-29 16:03:08.220 [main] INFO  org.apache.catalina.core.StandardEngine - Starting Servlet engine: [Apache Tomcat/9.0.21]
2019-07-29 16:03:08.365 [main] INFO  o.a.c.core.ContainerBase.[Tomcat].[localhost].[/] - Initializing Spring embedded WebApplicationContext
2019-07-29 16:03:08.365 [main] INFO  org.springframework.web.context.ContextLoader - Root WebApplicationContext: initialization completed in 6204 ms
2019-07-29 16:03:10.675 [main] INFO  com.alibaba.druid.pool.DruidDataSource - {dataSource-1} inited
2019-07-29 16:03:11.160 [main] INFO  com.alibaba.druid.pool.DruidDataSource - {dataSource-2} inited
2019-07-29 16:03:12.036 [main] INFO  com.alibaba.druid.pool.DruidDataSource - {dataSource-3} inited
2019-07-29 16:03:12.508 [main] INFO  o.s.scheduling.concurrent.ThreadPoolTaskExecutor - Initializing ExecutorService 'applicationTaskExecutor'
2019-07-29 16:03:12.976 [main] INFO  org.apache.coyote.http11.Http11NioProtocol - Starting ProtocolHandler ["http-nio-9999"]
2019-07-29 16:03:13.022 [main] INFO  o.s.boot.web.embedded.tomcat.TomcatWebServer - Tomcat started on port(s): 9999 (http) with context path ''
2019-07-29 16:03:13.025 [main] INFO  com.mingyisoft.demo.MingyisoftDemoApplication - Started MingyisoftDemoApplication in 11.994 seconds (JVM running for 12.743)
2019-07-29 16:03:23.201 [http-nio-9999-exec-1] INFO  o.a.c.core.ContainerBase.[Tomcat].[localhost].[/] - Initializing Spring DispatcherServlet 'dispatcherServlet'
2019-07-29 16:03:23.202 [http-nio-9999-exec-1] INFO  org.springframework.web.servlet.DispatcherServlet - Initializing Servlet 'dispatcherServlet'
2019-07-29 16:03:23.210 [http-nio-9999-exec-1] INFO  org.springframework.web.servlet.DispatcherServlet - Completed initialization in 8 ms
2019-07-29 16:03:23.554 [http-nio-9999-exec-1] INFO  io.lettuce.core.EpollProvider - Starting without optional epoll library
2019-07-29 16:03:23.555 [http-nio-9999-exec-1] INFO  io.lettuce.core.KqueueProvider - Starting without optional kqueue library
2019-07-29 16:06:58.040 [main] INFO  com.mingyisoft.demo.MingyisoftDemoApplication - Starting MingyisoftDemoApplication on bogon with PID 19453 (started by alexyang in /Users/alexyang/yang's workspace/yang-demo/mingyisoft-demo)
2019-07-29 16:06:58.042 [main] INFO  com.mingyisoft.demo.MingyisoftDemoApplication - No active profile set, falling back to default profiles: default
2019-07-29 16:07:08.322 [main] INFO  o.s.d.r.config.RepositoryConfigurationDelegate - Multiple Spring Data modules found, entering strict repository configuration mode!
2019-07-29 16:07:08.326 [main] INFO  o.s.d.r.config.RepositoryConfigurationDelegate - Bootstrapping Spring Data repositories in DEFAULT mode.
2019-07-29 16:07:08.370 [main] INFO  o.s.d.r.config.RepositoryConfigurationDelegate - Finished Spring Data repository scanning in 11ms. Found 0 repository interfaces.
2019-07-29 16:07:08.879 [main] INFO  o.s.c.s.PostProcessorRegistrationDelegate$BeanPostProcessorChecker - Bean 'org.springframework.transaction.annotation.ProxyTransactionManagementConfiguration' of type [org.springframework.transaction.annotation.ProxyTransactionManagementConfiguration$$EnhancerBySpringCGLIB$$19c0b58a] is not eligible for getting processed by all BeanPostProcessors (for example: not eligible for auto-proxying)
2019-07-29 16:07:09.307 [main] INFO  o.s.boot.web.embedded.tomcat.TomcatWebServer - Tomcat initialized with port(s): 9999 (http)
2019-07-29 16:07:09.326 [main] INFO  org.apache.coyote.http11.Http11NioProtocol - Initializing ProtocolHandler ["http-nio-9999"]
2019-07-29 16:07:09.337 [main] INFO  org.apache.catalina.core.StandardService - Starting service [Tomcat]
2019-07-29 16:07:09.337 [main] INFO  org.apache.catalina.core.StandardEngine - Starting Servlet engine: [Apache Tomcat/9.0.21]
2019-07-29 16:07:09.444 [main] INFO  o.a.c.core.ContainerBase.[Tomcat].[localhost].[/] - Initializing Spring embedded WebApplicationContext
2019-07-29 16:07:09.444 [main] INFO  org.springframework.web.context.ContextLoader - Root WebApplicationContext: initialization completed in 11130 ms
2019-07-29 16:07:10.341 [main] INFO  com.alibaba.druid.pool.DruidDataSource - {dataSource-1} inited
2019-07-29 16:07:10.891 [main] INFO  com.alibaba.druid.pool.DruidDataSource - {dataSource-2} inited
2019-07-29 16:07:11.683 [main] INFO  com.alibaba.druid.pool.DruidDataSource - {dataSource-3} inited
2019-07-29 16:07:12.182 [main] INFO  o.s.scheduling.concurrent.ThreadPoolTaskExecutor - Initializing ExecutorService 'applicationTaskExecutor'
2019-07-29 16:07:12.676 [main] INFO  org.apache.coyote.http11.Http11NioProtocol - Starting ProtocolHandler ["http-nio-9999"]
2019-07-29 16:07:12.723 [main] INFO  o.s.boot.web.embedded.tomcat.TomcatWebServer - Tomcat started on port(s): 9999 (http) with context path ''
2019-07-29 16:07:12.727 [main] INFO  com.mingyisoft.demo.MingyisoftDemoApplication - Started MingyisoftDemoApplication in 15.36 seconds (JVM running for 15.992)
2019-07-29 16:09:56.371 [http-nio-9999-exec-1] INFO  o.a.c.core.ContainerBase.[Tomcat].[localhost].[/] - Initializing Spring DispatcherServlet 'dispatcherServlet'
2019-07-29 16:09:56.372 [http-nio-9999-exec-1] INFO  org.springframework.web.servlet.DispatcherServlet - Initializing Servlet 'dispatcherServlet'
2019-07-29 16:09:56.383 [http-nio-9999-exec-1] INFO  org.springframework.web.servlet.DispatcherServlet - Completed initialization in 11 ms
2019-07-29 16:09:56.605 [http-nio-9999-exec-1] INFO  io.lettuce.core.EpollProvider - Starting without optional epoll library
2019-07-29 16:09:56.607 [http-nio-9999-exec-1] INFO  io.lettuce.core.KqueueProvider - Starting without optional kqueue library
2019-07-29 16:33:46.048 [main] INFO  com.mingyisoft.demo.MingyisoftDemoApplication - Starting MingyisoftDemoApplication on bogon with PID 19503 (started by alexyang in /Users/alexyang/yang's workspace/yang-demo/mingyisoft-demo)
2019-07-29 16:33:46.050 [main] INFO  com.mingyisoft.demo.MingyisoftDemoApplication - No active profile set, falling back to default profiles: default
2019-07-29 16:34:05.337 [main] INFO  o.s.d.r.config.RepositoryConfigurationDelegate - Multiple Spring Data modules found, entering strict repository configuration mode!
2019-07-29 16:34:05.341 [main] INFO  o.s.d.r.config.RepositoryConfigurationDelegate - Bootstrapping Spring Data repositories in DEFAULT mode.
2019-07-29 16:34:05.384 [main] INFO  o.s.d.r.config.RepositoryConfigurationDelegate - Finished Spring Data repository scanning in 12ms. Found 0 repository interfaces.
2019-07-29 16:34:06.019 [main] INFO  o.s.c.s.PostProcessorRegistrationDelegate$BeanPostProcessorChecker - Bean 'org.springframework.transaction.annotation.ProxyTransactionManagementConfiguration' of type [org.springframework.transaction.annotation.ProxyTransactionManagementConfiguration$$EnhancerBySpringCGLIB$$dce204a4] is not eligible for getting processed by all BeanPostProcessors (for example: not eligible for auto-proxying)
2019-07-29 16:34:06.427 [main] INFO  o.s.boot.web.embedded.tomcat.TomcatWebServer - Tomcat initialized with port(s): 9999 (http)
2019-07-29 16:34:06.449 [main] INFO  org.apache.coyote.http11.Http11NioProtocol - Initializing ProtocolHandler ["http-nio-9999"]
2019-07-29 16:34:06.462 [main] INFO  org.apache.catalina.core.StandardService - Starting service [Tomcat]
2019-07-29 16:34:06.462 [main] INFO  org.apache.catalina.core.StandardEngine - Starting Servlet engine: [Apache Tomcat/9.0.21]
2019-07-29 16:34:06.580 [main] INFO  o.a.c.core.ContainerBase.[Tomcat].[localhost].[/] - Initializing Spring embedded WebApplicationContext
2019-07-29 16:34:06.580 [main] INFO  org.springframework.web.context.ContextLoader - Root WebApplicationContext: initialization completed in 20201 ms
2019-07-29 16:34:07.266 [main] INFO  com.alibaba.druid.pool.DruidDataSource - {dataSource-1} inited
2019-07-29 16:34:07.823 [main] INFO  com.alibaba.druid.pool.DruidDataSource - {dataSource-2} inited
2019-07-29 16:34:08.609 [main] INFO  com.alibaba.druid.pool.DruidDataSource - {dataSource-3} inited
2019-07-29 16:34:09.279 [main] INFO  o.s.scheduling.concurrent.ThreadPoolTaskExecutor - Initializing ExecutorService 'applicationTaskExecutor'
2019-07-29 16:34:09.734 [main] INFO  org.apache.coyote.http11.Http11NioProtocol - Starting ProtocolHandler ["http-nio-9999"]
2019-07-29 16:34:09.785 [main] INFO  o.s.boot.web.embedded.tomcat.TomcatWebServer - Tomcat started on port(s): 9999 (http) with context path ''
2019-07-29 16:34:09.790 [main] INFO  com.mingyisoft.demo.MingyisoftDemoApplication - Started MingyisoftDemoApplication in 24.674 seconds (JVM running for 25.769)
2019-07-29 16:44:36.146 [main] INFO  com.mingyisoft.demo.MingyisoftDemoApplication - Starting MingyisoftDemoApplication on bogon with PID 19534 (started by alexyang in /Users/alexyang/yang's workspace/yang-demo/mingyisoft-demo)
2019-07-29 16:44:36.179 [main] INFO  com.mingyisoft.demo.MingyisoftDemoApplication - No active profile set, falling back to default profiles: default
2019-07-29 16:45:08.713 [main] INFO  o.s.d.r.config.RepositoryConfigurationDelegate - Multiple Spring Data modules found, entering strict repository configuration mode!
2019-07-29 16:45:08.718 [main] INFO  o.s.d.r.config.RepositoryConfigurationDelegate - Bootstrapping Spring Data repositories in DEFAULT mode.
2019-07-29 16:45:08.767 [main] INFO  o.s.d.r.config.RepositoryConfigurationDelegate - Finished Spring Data repository scanning in 11ms. Found 0 repository interfaces.
2019-07-29 16:45:09.330 [main] INFO  o.s.c.s.PostProcessorRegistrationDelegate$BeanPostProcessorChecker - Bean 'org.springframework.transaction.annotation.ProxyTransactionManagementConfiguration' of type [org.springframework.transaction.annotation.ProxyTransactionManagementConfiguration$$EnhancerBySpringCGLIB$$4f01784d] is not eligible for getting processed by all BeanPostProcessors (for example: not eligible for auto-proxying)
2019-07-29 16:45:09.804 [main] INFO  o.s.boot.web.embedded.tomcat.TomcatWebServer - Tomcat initialized with port(s): 9999 (http)
2019-07-29 16:45:09.825 [main] INFO  org.apache.coyote.http11.Http11NioProtocol - Initializing ProtocolHandler ["http-nio-9999"]
2019-07-29 16:45:09.837 [main] INFO  org.apache.catalina.core.StandardService - Starting service [Tomcat]
2019-07-29 16:45:09.837 [main] INFO  org.apache.catalina.core.StandardEngine - Starting Servlet engine: [Apache Tomcat/9.0.21]
2019-07-29 16:45:09.979 [main] INFO  o.a.c.core.ContainerBase.[Tomcat].[localhost].[/] - Initializing Spring embedded WebApplicationContext
2019-07-29 16:45:09.979 [main] INFO  org.springframework.web.context.ContextLoader - Root WebApplicationContext: initialization completed in 33474 ms
2019-07-29 16:45:13.441 [main] INFO  com.alibaba.druid.pool.DruidDataSource - {dataSource-1} inited
2019-07-29 16:45:13.948 [main] INFO  com.alibaba.druid.pool.DruidDataSource - {dataSource-2} inited
2019-07-29 16:45:14.861 [main] INFO  com.alibaba.druid.pool.DruidDataSource - {dataSource-3} inited
2019-07-29 16:45:15.445 [main] INFO  o.s.scheduling.concurrent.ThreadPoolTaskExecutor - Initializing ExecutorService 'applicationTaskExecutor'
2019-07-29 16:45:15.940 [main] INFO  org.apache.coyote.http11.Http11NioProtocol - Starting ProtocolHandler ["http-nio-9999"]
2019-07-29 16:45:15.986 [main] INFO  o.s.boot.web.embedded.tomcat.TomcatWebServer - Tomcat started on port(s): 9999 (http) with context path ''
2019-07-29 16:45:15.990 [main] INFO  com.mingyisoft.demo.MingyisoftDemoApplication - Started MingyisoftDemoApplication in 40.6 seconds (JVM running for 41.419)
2019-07-29 16:45:28.850 [http-nio-9999-exec-1] INFO  o.a.c.core.ContainerBase.[Tomcat].[localhost].[/] - Initializing Spring DispatcherServlet 'dispatcherServlet'
2019-07-29 16:45:28.851 [http-nio-9999-exec-1] INFO  org.springframework.web.servlet.DispatcherServlet - Initializing Servlet 'dispatcherServlet'
2019-07-29 16:45:28.862 [http-nio-9999-exec-1] INFO  org.springframework.web.servlet.DispatcherServlet - Completed initialization in 11 ms
2019-07-29 16:45:29.096 [http-nio-9999-exec-1] INFO  io.lettuce.core.EpollProvider - Starting without optional epoll library
2019-07-29 16:45:29.098 [http-nio-9999-exec-1] INFO  io.lettuce.core.KqueueProvider - Starting without optional kqueue library
2019-07-29 16:48:42.110 [main] INFO  com.mingyisoft.demo.MingyisoftDemoApplication - Starting MingyisoftDemoApplication on bogon with PID 19538 (started by alexyang in /Users/alexyang/yang's workspace/yang-demo/mingyisoft-demo)
2019-07-29 16:48:42.112 [main] INFO  com.mingyisoft.demo.MingyisoftDemoApplication - No active profile set, falling back to default profiles: default
2019-07-29 16:48:47.771 [main] INFO  o.s.d.r.config.RepositoryConfigurationDelegate - Multiple Spring Data modules found, entering strict repository configuration mode!
2019-07-29 16:48:47.775 [main] INFO  o.s.d.r.config.RepositoryConfigurationDelegate - Bootstrapping Spring Data repositories in DEFAULT mode.
2019-07-29 16:48:47.818 [main] INFO  o.s.d.r.config.RepositoryConfigurationDelegate - Finished Spring Data repository scanning in 11ms. Found 0 repository interfaces.
2019-07-29 16:48:48.315 [main] INFO  o.s.c.s.PostProcessorRegistrationDelegate$BeanPostProcessorChecker - Bean 'org.springframework.transaction.annotation.ProxyTransactionManagementConfiguration' of type [org.springframework.transaction.annotation.ProxyTransactionManagementConfiguration$$EnhancerBySpringCGLIB$$a5221192] is not eligible for getting processed by all BeanPostProcessors (for example: not eligible for auto-proxying)
2019-07-29 16:48:48.716 [main] INFO  o.s.boot.web.embedded.tomcat.TomcatWebServer - Tomcat initialized with port(s): 9999 (http)
2019-07-29 16:48:48.735 [main] INFO  org.apache.coyote.http11.Http11NioProtocol - Initializing ProtocolHandler ["http-nio-9999"]
2019-07-29 16:48:48.745 [main] INFO  org.apache.catalina.core.StandardService - Starting service [Tomcat]
2019-07-29 16:48:48.745 [main] INFO  org.apache.catalina.core.StandardEngine - Starting Servlet engine: [Apache Tomcat/9.0.21]
2019-07-29 16:48:48.856 [main] INFO  o.a.c.core.ContainerBase.[Tomcat].[localhost].[/] - Initializing Spring embedded WebApplicationContext
2019-07-29 16:48:48.856 [main] INFO  org.springframework.web.context.ContextLoader - Root WebApplicationContext: initialization completed in 6440 ms
2019-07-29 16:48:53.287 [main] INFO  com.alibaba.druid.pool.DruidDataSource - {dataSource-1} inited
2019-07-29 16:48:53.789 [main] INFO  com.alibaba.druid.pool.DruidDataSource - {dataSource-2} inited
2019-07-29 16:48:54.561 [main] INFO  com.alibaba.druid.pool.DruidDataSource - {dataSource-3} inited
2019-07-29 16:48:55.129 [main] INFO  o.s.scheduling.concurrent.ThreadPoolTaskExecutor - Initializing ExecutorService 'applicationTaskExecutor'
2019-07-29 16:48:55.552 [main] INFO  org.apache.coyote.http11.Http11NioProtocol - Starting ProtocolHandler ["http-nio-9999"]
2019-07-29 16:48:55.599 [main] INFO  o.s.boot.web.embedded.tomcat.TomcatWebServer - Tomcat started on port(s): 9999 (http) with context path ''
2019-07-29 16:48:55.603 [main] INFO  com.mingyisoft.demo.MingyisoftDemoApplication - Started MingyisoftDemoApplication in 14.245 seconds (JVM running for 14.913)
2019-07-29 16:49:00.900 [http-nio-9999-exec-1] INFO  o.a.c.core.ContainerBase.[Tomcat].[localhost].[/] - Initializing Spring DispatcherServlet 'dispatcherServlet'
2019-07-29 16:49:00.901 [http-nio-9999-exec-1] INFO  org.springframework.web.servlet.DispatcherServlet - Initializing Servlet 'dispatcherServlet'
2019-07-29 16:49:00.912 [http-nio-9999-exec-1] INFO  org.springframework.web.servlet.DispatcherServlet - Completed initialization in 11 ms
2019-07-29 16:49:01.124 [http-nio-9999-exec-1] INFO  io.lettuce.core.EpollProvider - Starting without optional epoll library
2019-07-29 16:49:01.125 [http-nio-9999-exec-1] INFO  io.lettuce.core.KqueueProvider - Starting without optional kqueue library
2019-07-29 16:51:27.626 [main] INFO  com.mingyisoft.demo.MingyisoftDemoApplication - Starting MingyisoftDemoApplication on bogon with PID 19544 (started by alexyang in /Users/alexyang/yang's workspace/yang-demo/mingyisoft-demo)
2019-07-29 16:51:27.628 [main] INFO  com.mingyisoft.demo.MingyisoftDemoApplication - No active profile set, falling back to default profiles: default
2019-07-29 16:51:32.044 [main] INFO  o.s.d.r.config.RepositoryConfigurationDelegate - Multiple Spring Data modules found, entering strict repository configuration mode!
2019-07-29 16:51:32.047 [main] INFO  o.s.d.r.config.RepositoryConfigurationDelegate - Bootstrapping Spring Data repositories in DEFAULT mode.
2019-07-29 16:51:32.085 [main] INFO  o.s.d.r.config.RepositoryConfigurationDelegate - Finished Spring Data repository scanning in 10ms. Found 0 repository interfaces.
2019-07-29 16:51:32.578 [main] INFO  o.s.c.s.PostProcessorRegistrationDelegate$BeanPostProcessorChecker - Bean 'org.springframework.transaction.annotation.ProxyTransactionManagementConfiguration' of type [org.springframework.transaction.annotation.ProxyTransactionManagementConfiguration$$EnhancerBySpringCGLIB$$ff1735ca] is not eligible for getting processed by all BeanPostProcessors (for example: not eligible for auto-proxying)
2019-07-29 16:51:32.995 [main] INFO  o.s.boot.web.embedded.tomcat.TomcatWebServer - Tomcat initialized with port(s): 9999 (http)
2019-07-29 16:51:33.023 [main] INFO  org.apache.coyote.http11.Http11NioProtocol - Initializing ProtocolHandler ["http-nio-9999"]
2019-07-29 16:51:33.036 [main] INFO  org.apache.catalina.core.StandardService - Starting service [Tomcat]
2019-07-29 16:51:33.037 [main] INFO  org.apache.catalina.core.StandardEngine - Starting Servlet engine: [Apache Tomcat/9.0.21]
2019-07-29 16:51:33.185 [main] INFO  o.a.c.core.ContainerBase.[Tomcat].[localhost].[/] - Initializing Spring embedded WebApplicationContext
2019-07-29 16:51:33.186 [main] INFO  org.springframework.web.context.ContextLoader - Root WebApplicationContext: initialization completed in 5206 ms
2019-07-29 16:51:33.844 [main] INFO  com.alibaba.druid.pool.DruidDataSource - {dataSource-1} inited
2019-07-29 16:51:34.370 [main] INFO  com.alibaba.druid.pool.DruidDataSource - {dataSource-2} inited
2019-07-29 16:51:35.148 [main] INFO  com.alibaba.druid.pool.DruidDataSource - {dataSource-3} inited
2019-07-29 16:51:35.667 [main] INFO  o.s.scheduling.concurrent.ThreadPoolTaskExecutor - Initializing ExecutorService 'applicationTaskExecutor'
2019-07-29 16:51:36.132 [main] INFO  org.apache.coyote.http11.Http11NioProtocol - Starting ProtocolHandler ["http-nio-9999"]
2019-07-29 16:51:36.178 [main] INFO  o.s.boot.web.embedded.tomcat.TomcatWebServer - Tomcat started on port(s): 9999 (http) with context path ''
2019-07-29 16:51:36.182 [main] INFO  com.mingyisoft.demo.MingyisoftDemoApplication - Started MingyisoftDemoApplication in 9.314 seconds (JVM running for 9.967)
2019-07-29 16:51:39.461 [http-nio-9999-exec-1] INFO  o.a.c.core.ContainerBase.[Tomcat].[localhost].[/] - Initializing Spring DispatcherServlet 'dispatcherServlet'
2019-07-29 16:51:39.461 [http-nio-9999-exec-1] INFO  org.springframework.web.servlet.DispatcherServlet - Initializing Servlet 'dispatcherServlet'
2019-07-29 16:51:39.470 [http-nio-9999-exec-1] INFO  org.springframework.web.servlet.DispatcherServlet - Completed initialization in 9 ms
2019-07-29 16:51:39.653 [http-nio-9999-exec-1] INFO  io.lettuce.core.EpollProvider - Starting without optional epoll library
2019-07-29 16:51:39.655 [http-nio-9999-exec-1] INFO  io.lettuce.core.KqueueProvider - Starting without optional kqueue library
