2019-07-29 02:02:32.735 [main] WARN  org.mybatis.spring.mapper.ClassPathMapperScanner - Skipping MapperFactoryBean with name 'userMapper' and 'com.mingyisoft.demo.user.dao.UserMapper' mapperInterface. Bean already defined with the same name!
2019-07-29 02:02:32.736 [main] WARN  org.mybatis.spring.mapper.ClassPathMapperScanner - No MyBatis mapper was found in '[com.mingyisoft.demo.user.dao]' package. Please check your configuration.
2019-07-29 02:02:35.404 [main] WARN  o.s.b.w.s.c.AnnotationConfigServletWebServerApplicationContext - Exception encountered during context initialization - cancelling refresh attempt: org.springframework.beans.factory.BeanCreationException: Error creating bean with name 'otherSharding' defined in class path resource [com/mingyisoft/demo/user/controller/OtherConfiguration.class]: Bean instantiation via factory method failed; nested exception is org.springframework.beans.BeanInstantiationException: Failed to instantiate [javax.sql.DataSource]: Factory method 'getMasterSlaveDataSource' threw exception; nested exception is java.lang.NullPointerException
2019-07-29 02:14:30.637 [main] WARN  org.mybatis.spring.mapper.ClassPathMapperScanner - Skipping MapperFactoryBean with name 'userMapper' and 'com.mingyisoft.demo.user.dao.UserMapper' mapperInterface. Bean already defined with the same name!
2019-07-29 02:14:30.637 [main] WARN  org.mybatis.spring.mapper.ClassPathMapperScanner - No MyBatis mapper was found in '[com.mingyisoft.demo.user.dao]' package. Please check your configuration.
2019-07-29 02:14:33.146 [main] WARN  o.s.b.w.s.c.AnnotationConfigServletWebServerApplicationContext - Exception encountered during context initialization - cancelling refresh attempt: org.springframework.beans.factory.BeanCreationException: Error creating bean with name 'otherSharding' defined in class path resource [com/mingyisoft/demo/user/controller/OtherConfiguration.class]: Bean instantiation via factory method failed; nested exception is org.springframework.beans.BeanInstantiationException: Failed to instantiate [javax.sql.DataSource]: Factory method 'getMasterSlaveDataSource' threw exception; nested exception is java.lang.IllegalStateException: Slave data source names cannot be empty.
2019-07-29 02:15:55.133 [main] WARN  org.mybatis.spring.mapper.ClassPathMapperScanner - Skipping MapperFactoryBean with name 'userMapper' and 'com.mingyisoft.demo.user.dao.UserMapper' mapperInterface. Bean already defined with the same name!
2019-07-29 02:15:55.133 [main] WARN  org.mybatis.spring.mapper.ClassPathMapperScanner - No MyBatis mapper was found in '[com.mingyisoft.demo.user.dao]' package. Please check your configuration.
2019-07-29 02:17:55.579 [main] WARN  org.mybatis.spring.mapper.ClassPathMapperScanner - Skipping MapperFactoryBean with name 'userMapper' and 'com.mingyisoft.demo.user.dao.UserMapper' mapperInterface. Bean already defined with the same name!
2019-07-29 02:17:55.580 [main] WARN  org.mybatis.spring.mapper.ClassPathMapperScanner - No MyBatis mapper was found in '[com.mingyisoft.demo.user.dao]' package. Please check your configuration.
2019-07-29 02:20:00.038 [main] WARN  org.mybatis.spring.mapper.ClassPathMapperScanner - Skipping MapperFactoryBean with name 'userMapper' and 'com.mingyisoft.demo.user.dao.UserMapper' mapperInterface. Bean already defined with the same name!
2019-07-29 02:20:00.039 [main] WARN  org.mybatis.spring.mapper.ClassPathMapperScanner - No MyBatis mapper was found in '[com.mingyisoft.demo.user.dao]' package. Please check your configuration.
2019-07-29 02:21:09.391 [main] WARN  org.mybatis.spring.mapper.ClassPathMapperScanner - Skipping MapperFactoryBean with name 'userMapper' and 'com.mingyisoft.demo.user.dao.UserMapper' mapperInterface. Bean already defined with the same name!
2019-07-29 02:21:09.391 [main] WARN  org.mybatis.spring.mapper.ClassPathMapperScanner - No MyBatis mapper was found in '[com.mingyisoft.demo.user.dao]' package. Please check your configuration.
2019-07-29 04:42:57.835 [main] WARN  org.mybatis.spring.mapper.ClassPathMapperScanner - Skipping MapperFactoryBean with name 'userMapper' and 'com.mingyisoft.demo.user.dao.UserMapper' mapperInterface. Bean already defined with the same name!
2019-07-29 04:42:57.836 [main] WARN  org.mybatis.spring.mapper.ClassPathMapperScanner - No MyBatis mapper was found in '[com.mingyisoft.demo.user.dao]' package. Please check your configuration.
2019-07-29 04:43:00.711 [main] WARN  o.s.b.w.s.c.AnnotationConfigServletWebServerApplicationContext - Exception encountered during context initialization - cancelling refresh attempt: org.springframework.beans.factory.UnsatisfiedDependencyException: Error creating bean with name 'userTransaction' defined in class path resource [com/mingyisoft/demo/user/controller/UserShardingDBConfiguration.class]: Unsatisfied dependency expressed through method 'userTransactionManager' parameter 0; nested exception is org.springframework.beans.factory.NoSuchBeanDefinitionException: No qualifying bean of type 'javax.sql.DataSource' available: expected at least 1 bean which qualifies as autowire candidate. Dependency annotations: {@org.springframework.beans.factory.annotation.Qualifier(value=userSharding)}
2019-07-29 04:44:25.817 [main] WARN  org.mybatis.spring.mapper.ClassPathMapperScanner - Skipping MapperFactoryBean with name 'userMapper' and 'com.mingyisoft.demo.user.dao.UserMapper' mapperInterface. Bean already defined with the same name!
2019-07-29 04:44:25.818 [main] WARN  org.mybatis.spring.mapper.ClassPathMapperScanner - No MyBatis mapper was found in '[com.mingyisoft.demo.user.dao]' package. Please check your configuration.
2019-07-29 04:45:23.607 [main] WARN  org.mybatis.spring.mapper.ClassPathMapperScanner - Skipping MapperFactoryBean with name 'userMapper' and 'com.mingyisoft.demo.user.dao.UserMapper' mapperInterface. Bean already defined with the same name!
2019-07-29 04:45:23.608 [main] WARN  org.mybatis.spring.mapper.ClassPathMapperScanner - No MyBatis mapper was found in '[com.mingyisoft.demo.user.dao]' package. Please check your configuration.
2019-07-29 04:49:10.591 [main] WARN  org.mybatis.spring.mapper.ClassPathMapperScanner - Skipping MapperFactoryBean with name 'userMapper' and 'com.mingyisoft.demo.user.dao.UserMapper' mapperInterface. Bean already defined with the same name!
2019-07-29 04:49:10.592 [main] WARN  org.mybatis.spring.mapper.ClassPathMapperScanner - No MyBatis mapper was found in '[com.mingyisoft.demo.user.dao]' package. Please check your configuration.
2019-07-29 06:05:35.290 [main] WARN  org.mybatis.spring.mapper.ClassPathMapperScanner - Skipping MapperFactoryBean with name 'userMapper' and 'com.mingyisoft.demo.user.dao.UserMapper' mapperInterface. Bean already defined with the same name!
2019-07-29 06:05:35.291 [main] WARN  org.mybatis.spring.mapper.ClassPathMapperScanner - No MyBatis mapper was found in '[com.mingyisoft.demo.user.dao]' package. Please check your configuration.
2019-07-29 06:06:21.821 [main] WARN  org.mybatis.spring.mapper.ClassPathMapperScanner - Skipping MapperFactoryBean with name 'userMapper' and 'com.mingyisoft.demo.user.dao.UserMapper' mapperInterface. Bean already defined with the same name!
2019-07-29 06:06:21.821 [main] WARN  org.mybatis.spring.mapper.ClassPathMapperScanner - No MyBatis mapper was found in '[com.mingyisoft.demo.user.dao]' package. Please check your configuration.
2019-07-29 08:43:58.043 [main] WARN  org.mybatis.spring.mapper.ClassPathMapperScanner - Skipping MapperFactoryBean with name 'userMapper' and 'com.mingyisoft.demo.user.dao.UserMapper' mapperInterface. Bean already defined with the same name!
2019-07-29 08:43:58.043 [main] WARN  org.mybatis.spring.mapper.ClassPathMapperScanner - No MyBatis mapper was found in '[com.mingyisoft.demo.user.dao]' package. Please check your configuration.
2019-07-29 08:45:51.273 [main] WARN  org.mybatis.spring.mapper.ClassPathMapperScanner - Skipping MapperFactoryBean with name 'userMapper' and 'com.mingyisoft.demo.user.dao.UserMapper' mapperInterface. Bean already defined with the same name!
2019-07-29 08:45:51.274 [main] WARN  org.mybatis.spring.mapper.ClassPathMapperScanner - No MyBatis mapper was found in '[com.mingyisoft.demo.user.dao]' package. Please check your configuration.
2019-07-29 11:41:52.008 [main] WARN  org.mybatis.spring.mapper.ClassPathMapperScanner - Skipping MapperFactoryBean with name 'userMapper' and 'com.mingyisoft.demo.user.dao.UserMapper' mapperInterface. Bean already defined with the same name!
2019-07-29 11:41:52.009 [main] WARN  org.mybatis.spring.mapper.ClassPathMapperScanner - No MyBatis mapper was found in '[com.mingyisoft.demo.user.dao]' package. Please check your configuration.
2019-07-29 14:50:36.836 [main] WARN  org.mybatis.spring.mapper.ClassPathMapperScanner - Skipping MapperFactoryBean with name 'userMapper' and 'com.mingyisoft.demo.user.dao.UserMapper' mapperInterface. Bean already defined with the same name!
2019-07-29 14:50:36.837 [main] WARN  org.mybatis.spring.mapper.ClassPathMapperScanner - No MyBatis mapper was found in '[com.mingyisoft.demo.user.dao]' package. Please check your configuration.
2019-07-29 15:35:29.004 [main] WARN  org.mybatis.spring.mapper.ClassPathMapperScanner - Skipping MapperFactoryBean with name 'userMapper' and 'com.mingyisoft.demo.user.dao.UserMapper' mapperInterface. Bean already defined with the same name!
2019-07-29 15:35:29.005 [main] WARN  org.mybatis.spring.mapper.ClassPathMapperScanner - No MyBatis mapper was found in '[com.mingyisoft.demo.user.dao]' package. Please check your configuration.
2019-07-29 15:42:33.018 [main] WARN  org.mybatis.spring.mapper.ClassPathMapperScanner - Skipping MapperFactoryBean with name 'userMapper' and 'com.mingyisoft.demo.user.dao.UserMapper' mapperInterface. Bean already defined with the same name!
2019-07-29 15:42:33.019 [main] WARN  org.mybatis.spring.mapper.ClassPathMapperScanner - No MyBatis mapper was found in '[com.mingyisoft.demo.user.dao]' package. Please check your configuration.
2019-07-29 15:51:42.434 [main] WARN  org.mybatis.spring.mapper.ClassPathMapperScanner - Skipping MapperFactoryBean with name 'userMapper' and 'com.mingyisoft.demo.user.dao.UserMapper' mapperInterface. Bean already defined with the same name!
2019-07-29 15:51:42.435 [main] WARN  org.mybatis.spring.mapper.ClassPathMapperScanner - No MyBatis mapper was found in '[com.mingyisoft.demo.user.dao]' package. Please check your configuration.
2019-07-29 15:56:41.011 [main] WARN  org.mybatis.spring.mapper.ClassPathMapperScanner - Skipping MapperFactoryBean with name 'userMapper' and 'com.mingyisoft.demo.user.dao.UserMapper' mapperInterface. Bean already defined with the same name!
2019-07-29 15:56:41.012 [main] WARN  org.mybatis.spring.mapper.ClassPathMapperScanner - No MyBatis mapper was found in '[com.mingyisoft.demo.user.dao]' package. Please check your configuration.
2019-07-29 16:03:07.080 [main] WARN  org.mybatis.spring.mapper.ClassPathMapperScanner - Skipping MapperFactoryBean with name 'userMapper' and 'com.mingyisoft.demo.user.dao.UserMapper' mapperInterface. Bean already defined with the same name!
2019-07-29 16:03:07.081 [main] WARN  org.mybatis.spring.mapper.ClassPathMapperScanner - No MyBatis mapper was found in '[com.mingyisoft.demo.user.dao]' package. Please check your configuration.
2019-07-29 16:07:08.032 [main] WARN  org.mybatis.spring.mapper.ClassPathMapperScanner - Skipping MapperFactoryBean with name 'userMapper' and 'com.mingyisoft.demo.user.dao.UserMapper' mapperInterface. Bean already defined with the same name!
2019-07-29 16:07:08.034 [main] WARN  org.mybatis.spring.mapper.ClassPathMapperScanner - No MyBatis mapper was found in '[com.mingyisoft.demo.user.dao]' package. Please check your configuration.
2019-07-29 16:34:05.073 [main] WARN  org.mybatis.spring.mapper.ClassPathMapperScanner - Skipping MapperFactoryBean with name 'userMapper' and 'com.mingyisoft.demo.user.dao.UserMapper' mapperInterface. Bean already defined with the same name!
2019-07-29 16:34:05.074 [main] WARN  org.mybatis.spring.mapper.ClassPathMapperScanner - No MyBatis mapper was found in '[com.mingyisoft.demo.user.dao]' package. Please check your configuration.
2019-07-29 16:45:08.415 [main] WARN  org.mybatis.spring.mapper.ClassPathMapperScanner - Skipping MapperFactoryBean with name 'userMapper' and 'com.mingyisoft.demo.user.dao.UserMapper' mapperInterface. Bean already defined with the same name!
2019-07-29 16:45:08.416 [main] WARN  org.mybatis.spring.mapper.ClassPathMapperScanner - No MyBatis mapper was found in '[com.mingyisoft.demo.user.dao]' package. Please check your configuration.
2019-07-29 16:48:47.511 [main] WARN  org.mybatis.spring.mapper.ClassPathMapperScanner - Skipping MapperFactoryBean with name 'userMapper' and 'com.mingyisoft.demo.user.dao.UserMapper' mapperInterface. Bean already defined with the same name!
2019-07-29 16:48:47.512 [main] WARN  org.mybatis.spring.mapper.ClassPathMapperScanner - No MyBatis mapper was found in '[com.mingyisoft.demo.user.dao]' package. Please check your configuration.
2019-07-29 16:51:31.769 [main] WARN  org.mybatis.spring.mapper.ClassPathMapperScanner - Skipping MapperFactoryBean with name 'userMapper' and 'com.mingyisoft.demo.user.dao.UserMapper' mapperInterface. Bean already defined with the same name!
2019-07-29 16:51:31.770 [main] WARN  org.mybatis.spring.mapper.ClassPathMapperScanner - No MyBatis mapper was found in '[com.mingyisoft.demo.user.dao]' package. Please check your configuration.
